#! /c/Source/iverilog-install/bin/vvp
:ivl_version "12.0 (devel)" "(s20150603-1539-g2693dd32b)";
:ivl_delay_selection "TYPICAL";
:vpi_time_precision + 0;
:vpi_module "c:\iverilog\lib\ivl\system.vpi";
:vpi_module "c:\iverilog\lib\ivl\vhdl_sys.vpi";
:vpi_module "c:\iverilog\lib\ivl\vhdl_textio.vpi";
:vpi_module "c:\iverilog\lib\ivl\v2005_math.vpi";
:vpi_module "c:\iverilog\lib\ivl\va_math.vpi";
S_0000022fd4d124d0 .scope module, "laRVa" "laRVa" 2 15;
 .timescale 0 0;
    .port_info 0 /INPUT 1 "clk";
    .port_info 1 /INPUT 1 "reset";
    .port_info 2 /OUTPUT 30 "addr";
    .port_info 3 /OUTPUT 32 "wdata";
    .port_info 4 /OUTPUT 4 "wstrb";
    .port_info 5 /INPUT 32 "rdata";
    .port_info 6 /INPUT 1 "irq";
    .port_info 7 /INPUT 30 "ivector";
    .port_info 8 /OUTPUT 1 "trap";
    .port_info 9 /OUTPUT 1 "fetch";
    .port_info 10 /INPUT 1 "brk";
    .port_info 11 /OUTPUT 1 "usermode";
    .port_info 12 /OUTPUT 1 "irqack";
    .port_info 13 /INPUT 1 "wai";
    .port_info 14 /OUTPUT 1 "vma";
P_0000022fd4dfee90 .param/l "LOG2NREG" 1 2 57, +C4<00000000000000000000000000000100>;
P_0000022fd4dfeec8 .param/l "MAXREG" 1 2 58, +C4<0000000000000000000000000000000001111>;
P_0000022fd4dfef00 .param/l "NREG" 0 2 33, +C4<00000000000000000000000000010000>;
P_0000022fd4dfef38 .param/l "RESET_PC" 0 2 34, +C4<00000000000000000000000000000000>;
o0000022fd4e20c18 .functor BUFZ 1, C4<z>; HiZ drive
L_0000022fd4e0a550 .functor NOT 1, o0000022fd4e20c18, C4<0>, C4<0>, C4<0>;
L_0000022fd4e09ad0 .functor OR 1, L_0000022fd4e7b630, L_0000022fd4e7b160, C4<0>, C4<0>;
o0000022fd4e203a8 .functor BUFZ 1, C4<z>; HiZ drive
L_0000022fd4e096e0 .functor OR 1, L_0000022fd4e09ad0, o0000022fd4e203a8, C4<0>, C4<0>;
o0000022fd4e200a8 .functor BUFZ 1, C4<z>; HiZ drive
L_0000022fd4e09c20 .functor OR 1, L_0000022fd4e096e0, o0000022fd4e200a8, C4<0>, C4<0>;
L_0000022fd4e09fa0 .functor NOT 1, L_0000022fd4e09c20, C4<0>, C4<0>, C4<0>;
L_0000022fd4e099f0 .functor AND 1, v0000022fd4e8c760_0, L_0000022fd4e8cda0, C4<1>, C4<1>;
L_0000022fd4e09a60 .functor AND 1, v0000022fd4e8c760_0, L_0000022fd4e8cee0, C4<1>, C4<1>;
L_0000022fd4e09c90 .functor AND 1, v0000022fd4e8c760_0, L_0000022fd4e8c8a0, C4<1>, C4<1>;
L_0000022fd4e0a240 .functor AND 1, v0000022fd4e8c760_0, L_0000022fd4e8c940, C4<1>, C4<1>;
L_0000022fd4e09d70 .functor AND 1, v0000022fd4e8c760_0, L_0000022fd4e8df20, C4<1>, C4<1>;
L_0000022fd4e09de0 .functor AND 1, v0000022fd4e8c760_0, L_0000022fd4e8c9e0, C4<1>, C4<1>;
L_0000022fd4e7ac20 .functor AND 1, v0000022fd4e8c760_0, L_0000022fd4e8d200, C4<1>, C4<1>;
L_0000022fd4e7a910 .functor AND 1, v0000022fd4e8c760_0, L_0000022fd4e8cf80, C4<1>, C4<1>;
L_0000022fd4e7ac90 .functor AND 1, v0000022fd4e8c760_0, L_0000022fd4e8d480, C4<1>, C4<1>;
L_0000022fd4e7aec0 .functor AND 1, v0000022fd4e8c760_0, L_0000022fd4e8ca80, C4<1>, C4<1>;
L_0000022fd4e7a980 .functor AND 1, L_0000022fd4e099f0, L_0000022fd4e8e420, C4<1>, C4<1>;
L_0000022fd4e7ad00 .functor NOT 1, L_0000022fd4e8e380, C4<0>, C4<0>, C4<0>;
L_0000022fd4e7ade0 .functor AND 1, L_0000022fd4e7a980, L_0000022fd4e7ad00, C4<1>, C4<1>;
L_0000022fd4e7b240 .functor AND 1, L_0000022fd4e099f0, L_0000022fd4e8d660, C4<1>, C4<1>;
L_0000022fd4e7a9f0 .functor AND 1, L_0000022fd4e7b240, L_0000022fd4e8d0c0, C4<1>, C4<1>;
L_0000022fd4e7ad70 .functor OR 1, L_0000022fd4e09c90, L_0000022fd4e0a240, C4<0>, C4<0>;
L_0000022fd4e7af30 .functor NOT 1, L_0000022fd4e7ad70, C4<0>, C4<0>, C4<0>;
L_0000022fd4e7aad0 .functor OR 1, L_0000022fd4e09de0, L_0000022fd4e7ac20, C4<0>, C4<0>;
L_0000022fd4e7ae50 .functor AND 1, L_0000022fd4e09d70, L_0000022fd4ef7d70, C4<1>, C4<1>;
L_0000022fd4e7b630 .functor OR 1, L_0000022fd4e7aad0, L_0000022fd4e7ae50, C4<0>, C4<0>;
L_0000022fd4e7aa60 .functor OR 1, L_0000022fd4e099f0, L_0000022fd4e09a60, C4<0>, C4<0>;
L_0000022fd4e7afa0 .functor OR 1, L_0000022fd4e7aa60, L_0000022fd4e09c90, C4<0>, C4<0>;
L_0000022fd4e7ab40 .functor OR 1, L_0000022fd4e7afa0, L_0000022fd4e09de0, C4<0>, C4<0>;
L_0000022fd4e7abb0 .functor OR 1, L_0000022fd4e7ab40, L_0000022fd4e7ac20, C4<0>, C4<0>;
L_0000022fd4e7b0f0 .functor OR 1, L_0000022fd4e7abb0, L_0000022fd4e7a910, C4<0>, C4<0>;
L_0000022fd4e7b010 .functor OR 1, L_0000022fd4e7b0f0, L_0000022fd4e7ac90, C4<0>, C4<0>;
L_0000022fd4e7b080 .functor OR 1, L_0000022fd4e7b010, L_0000022fd4e7b390, C4<0>, C4<0>;
L_0000022fd4e7b4e0 .functor AND 1, L_0000022fd4e7aec0, L_0000022fd4e8d3e0, C4<1>, C4<1>;
L_0000022fd4e7b160 .functor AND 1, L_0000022fd4e7b4e0, L_0000022fd4e8d020, C4<1>, C4<1>;
L_0000022fd4e7b1d0 .functor AND 1, L_0000022fd4e7aec0, L_0000022fd4e8de80, C4<1>, C4<1>;
L_0000022fd4e7b6a0 .functor AND 1, L_0000022fd4e7b1d0, L_0000022fd4e8e4c0, C4<1>, C4<1>;
L_0000022fd4e7a7c0 .functor AND 1, L_0000022fd4e7aec0, L_0000022fd4e8e9c0, C4<1>, C4<1>;
L_0000022fd4e7b320 .functor AND 1, L_0000022fd4e7a7c0, L_0000022fd4e8d7a0, C4<1>, C4<1>;
L_0000022fd4e7b2b0 .functor AND 1, L_0000022fd4e7aec0, L_0000022fd4e8d840, C4<1>, C4<1>;
L_0000022fd4e7b390 .functor AND 1, L_0000022fd4e7b2b0, L_0000022fd4e8d8e0, C4<1>, C4<1>;
L_0000022fd4e7a8a0 .functor OR 1, L_0000022fd4e099f0, L_0000022fd4e09d70, C4<0>, C4<0>;
L_0000022fd4e7b470 .functor OR 1, L_0000022fd4e09a60, L_0000022fd4e09c90, C4<0>, C4<0>;
L_0000022fd4e7b5c0 .functor OR 1, L_0000022fd4e7b470, L_0000022fd4e7ac20, C4<0>, C4<0>;
L_0000022fd4e7b550 .functor OR 32, L_0000022fd4ef2b90, L_0000022fd4ef4490, C4<00000000000000000000000000000000>, C4<00000000000000000000000000000000>;
L_0000022fd4e7a830 .functor OR 32, L_0000022fd4e7b550, L_0000022fd4ef2410, C4<00000000000000000000000000000000>, C4<00000000000000000000000000000000>;
L_0000022fd4ef07a0 .functor OR 1, L_0000022fd4e7a910, L_0000022fd4e7ac90, C4<0>, C4<0>;
L_0000022fd4eefcb0 .functor OR 32, L_0000022fd4e7a830, L_0000022fd4ef42b0, C4<00000000000000000000000000000000>, C4<00000000000000000000000000000000>;
L_0000022fd4ef0650 .functor OR 1, L_0000022fd4ef4170, L_0000022fd4ef2910, C4<0>, C4<0>;
L_0000022fd4ef0c00 .functor OR 1, L_0000022fd4ef0650, L_0000022fd4ef2d70, C4<0>, C4<0>;
L_0000022fd4eefa80 .functor AND 1, L_0000022fd4e099f0, L_0000022fd4ef0c00, C4<1>, C4<1>;
L_0000022fd4ef1220 .functor OR 1, L_0000022fd4ef3770, L_0000022fd4ef2f50, C4<0>, C4<0>;
L_0000022fd4eefd90 .functor AND 1, L_0000022fd4e09a60, L_0000022fd4ef1220, C4<1>, C4<1>;
L_0000022fd4eef8c0 .functor OR 1, L_0000022fd4eefa80, L_0000022fd4eefd90, C4<0>, C4<0>;
L_0000022fd4ef0030 .functor OR 1, L_0000022fd4eef8c0, L_0000022fd4e09d70, C4<0>, C4<0>;
L_0000022fd4ef0c70 .functor NOT 32, L_0000022fd4eefcb0, C4<00000000000000000000000000000000>, C4<00000000000000000000000000000000>, C4<00000000000000000000000000000000>;
L_0000022fd4ef01f0 .functor XOR 1, L_0000022fd4ef3950, L_0000022fd4ef45d0, C4<0>, C4<0>;
L_0000022fd4ef1060 .functor OR 1, L_0000022fd4e099f0, L_0000022fd4e09a60, C4<0>, C4<0>;
L_0000022fd4ef00a0 .functor AND 1, L_0000022fd4ef1060, L_0000022fd4ef2cd0, C4<1>, C4<1>;
L_0000022fd4ef0f10 .functor OR 1, L_0000022fd4e099f0, L_0000022fd4e09a60, C4<0>, C4<0>;
L_0000022fd4ef10d0 .functor AND 1, L_0000022fd4ef0f10, L_0000022fd4ef6510, C4<1>, C4<1>;
L_0000022fd4ef11b0 .functor AND 1, L_0000022fd4ef10d0, L_0000022fd4ef48f0, C4<1>, C4<1>;
L_0000022fd4ef0110 .functor AND 1, L_0000022fd4ef11b0, L_0000022fd4ef6650, C4<1>, C4<1>;
L_0000022fd4ef0260 .functor AND 1, L_0000022fd4ef11b0, L_0000022fd4ef6790, C4<1>, C4<1>;
L_0000022fd4eeff50 .functor AND 1, L_0000022fd4ef11b0, L_0000022fd4ef52f0, C4<1>, C4<1>;
L_0000022fd4ef0880 .functor AND 1, L_0000022fd4ef11b0, L_0000022fd4ef6150, C4<1>, C4<1>;
L_0000022fd4ef0180 .functor AND 1, L_0000022fd4ef11b0, L_0000022fd4ef6fb0, C4<1>, C4<1>;
L_0000022fd4ef02d0 .functor OR 1, L_0000022fd4ef8b30, L_0000022fd4e7a910, C4<0>, C4<0>;
L_0000022fd4ef0ab0 .functor OR 1, L_0000022fd4ef02d0, L_0000022fd4e7ac90, C4<0>, C4<0>;
L_0000022fd4eeffc0 .functor NOT 1, L_0000022fd4ef0ab0, C4<0>, C4<0>, C4<0>;
L_0000022fd4ef06c0 .functor AND 1, L_0000022fd4ef8590, L_0000022fd4eeffc0, C4<1>, C4<1>;
L_0000022fd4ef0340 .functor OR 32, L_0000022fd4ef8db0, L_0000022fd4ef7eb0, C4<00000000000000000000000000000000>, C4<00000000000000000000000000000000>;
L_0000022fd4ef08f0 .functor NOT 1, L_0000022fd4ef0ab0, C4<0>, C4<0>, C4<0>;
L_0000022fd4eefee0 .functor AND 1, L_0000022fd4ef7a50, L_0000022fd4ef08f0, C4<1>, C4<1>;
L_0000022fd4ef0f80 .functor OR 32, L_0000022fd4ef0340, L_0000022fd4ef7f50, C4<00000000000000000000000000000000>, C4<00000000000000000000000000000000>;
L_0000022fd4ef0490 .functor NOT 1, L_0000022fd4ef0ab0, C4<0>, C4<0>, C4<0>;
L_0000022fd4ef03b0 .functor AND 1, L_0000022fd4ef84f0, L_0000022fd4ef0490, C4<1>, C4<1>;
L_0000022fd4ef0730 .functor XOR 32, L_0000022fd4ef24b0, L_0000022fd4eefcb0, C4<00000000000000000000000000000000>, C4<00000000000000000000000000000000>;
L_0000022fd4ef0ff0 .functor OR 32, L_0000022fd4ef0f80, L_0000022fd4ef86d0, C4<00000000000000000000000000000000>, C4<00000000000000000000000000000000>;
L_0000022fd4ef05e0 .functor NOT 1, L_0000022fd4ef0ab0, C4<0>, C4<0>, C4<0>;
L_0000022fd4ef0420 .functor AND 1, L_0000022fd4ef8130, L_0000022fd4ef05e0, C4<1>, C4<1>;
L_0000022fd4ef0500 .functor OR 32, L_0000022fd4ef24b0, L_0000022fd4eefcb0, C4<00000000000000000000000000000000>, C4<00000000000000000000000000000000>;
L_0000022fd4ef0ce0 .functor OR 32, L_0000022fd4ef0ff0, L_0000022fd4ef8630, C4<00000000000000000000000000000000>, C4<00000000000000000000000000000000>;
L_0000022fd4ef1140 .functor NOT 1, L_0000022fd4ef0ab0, C4<0>, C4<0>, C4<0>;
L_0000022fd4ef0810 .functor AND 1, L_0000022fd4ef7410, L_0000022fd4ef1140, C4<1>, C4<1>;
L_0000022fd4ef0960 .functor AND 32, L_0000022fd4ef24b0, L_0000022fd4eefcb0, C4<11111111111111111111111111111111>, C4<11111111111111111111111111111111>;
L_0000022fd4eefe70 .functor OR 32, L_0000022fd4ef0ce0, L_0000022fd4ef8e50, C4<00000000000000000000000000000000>, C4<00000000000000000000000000000000>;
L_0000022fd4ef0570 .functor OR 1, L_0000022fd4ef93f0, L_0000022fd4ef77d0, C4<0>, C4<0>;
L_0000022fd4ef0d50 .functor NOT 1, L_0000022fd4ef0ab0, C4<0>, C4<0>, C4<0>;
L_0000022fd4ef09d0 .functor AND 1, L_0000022fd4ef0570, L_0000022fd4ef0d50, C4<1>, C4<1>;
L_0000022fd4ef1300 .functor OR 32, L_0000022fd4eefe70, L_0000022fd4ef8450, C4<00000000000000000000000000000000>, C4<00000000000000000000000000000000>;
L_0000022fd4eefb60 .functor BUFZ 32, L_0000022fd4ef1300, C4<00000000000000000000000000000000>, C4<00000000000000000000000000000000>, C4<00000000000000000000000000000000>;
L_0000022fd4ef0a40 .functor NOT 1, L_0000022fd4ef2e10, C4<0>, C4<0>, C4<0>;
L_0000022fd4ef0b20 .functor NOT 1, L_0000022fd4ef2c30, C4<0>, C4<0>, C4<0>;
L_0000022fd4ef1290 .functor NOT 1, L_0000022fd4ef3a90, C4<0>, C4<0>, C4<0>;
L_0000022fd4eefbd0 .functor OR 1, L_0000022fd4e09c90, L_0000022fd4e0a240, C4<0>, C4<0>;
L_0000022fd4eef9a0 .functor AND 1, L_0000022fd4ef7190, L_0000022fd4ef8f90, C4<1>, C4<1>;
L_0000022fd4ef1370 .functor OR 1, L_0000022fd4e099f0, L_0000022fd4e09a60, C4<0>, C4<0>;
L_0000022fd4ef0dc0 .functor OR 1, L_0000022fd4ef1370, L_0000022fd4e7ac90, C4<0>, C4<0>;
L_0000022fd4eefd20 .functor OR 1, L_0000022fd4ef0dc0, L_0000022fd4e7a910, C4<0>, C4<0>;
L_0000022fd4eefaf0 .functor OR 32, L_0000022fd4f08200, L_0000022fd4f067c0, C4<00000000000000000000000000000000>, C4<00000000000000000000000000000000>;
L_0000022fd4ef13e0 .functor OR 1, L_0000022fd4e09de0, L_0000022fd4e7ac20, C4<0>, C4<0>;
L_0000022fd4eef850 .functor OR 32, L_0000022fd4eefaf0, L_0000022fd4f06400, C4<00000000000000000000000000000000>, C4<00000000000000000000000000000000>;
L_0000022fd4ef0e30 .functor OR 32, L_0000022fd4eef850, L_0000022fd4f08a20, C4<00000000000000000000000000000000>, C4<00000000000000000000000000000000>;
L_0000022fd4eef930 .functor AND 1, L_0000022fd4e09d70, L_0000022fd4ef7d70, C4<1>, C4<1>;
L_0000022fd4ef0b90 .functor OR 30, L_0000022fd4f06e00, L_0000022fd4f062c0, C4<000000000000000000000000000000>, C4<000000000000000000000000000000>;
L_0000022fd4eefa10 .functor OR 1, L_0000022fd4ef1680, L_0000022fd4e09c90, C4<0>, C4<0>;
L_0000022fd4eefc40 .functor OR 1, L_0000022fd4eefa10, L_0000022fd4e0a240, C4<0>, C4<0>;
o0000022fd4e20228 .functor BUFZ 1, C4<z>; HiZ drive
L_0000022fd4eefe00 .functor NOT 1, o0000022fd4e20228, C4<0>, C4<0>, C4<0>;
L_0000022fd4ef0ea0 .functor AND 1, L_0000022fd4e7b160, L_0000022fd4eefe00, C4<1>, C4<1>;
L_0000022fd4ef1760 .functor OR 1, L_0000022fd4e7b6a0, L_0000022fd4e7b320, C4<0>, C4<0>;
L_0000022fd4ef16f0 .functor OR 1, L_0000022fd4ef1760, L_0000022fd4f13fe0, C4<0>, C4<0>;
L_0000022fd4ef1610 .functor NOT 1, v0000022fd4e8bc20_0, C4<0>, C4<0>, C4<0>;
L_0000022fd4ef14c0 .functor OR 1, v0000022fd4e8a1e0_0, L_0000022fd4ef16f0, C4<0>, C4<0>;
L_0000022fd4ef1680 .functor AND 1, L_0000022fd4ef1610, L_0000022fd4ef14c0, C4<1>, C4<1>;
L_0000022fd4ef1450 .functor AND 1, L_0000022fd4ef1680, L_0000022fd4e0a550, C4<1>, C4<1>;
L_0000022fd4ef1530 .functor NOT 1, v0000022fd4e8bc20_0, C4<0>, C4<0>, C4<0>;
L_0000022fd4ef15a0 .functor NOT 1, v0000022fd4e8b040_0, C4<0>, C4<0>, C4<0>;
o0000022fd4e1ffb8 .functor BUFZ 1, C4<z>; HiZ drive
L_0000022fd4f14ad0 .functor AND 1, L_0000022fd4ef15a0, o0000022fd4e1ffb8, C4<1>, C4<1>;
L_0000022fd4f13aa0 .functor NOT 1, v0000022fd4e8a8c0_0, C4<0>, C4<0>, C4<0>;
L_0000022fd4f13fe0 .functor AND 1, L_0000022fd4f14ad0, L_0000022fd4f13aa0, C4<1>, C4<1>;
v0000022fd4e0ce10_0 .net "Bimm", 31 0, L_0000022fd4e8f6e0;  1 drivers
v0000022fd4e0de50_0 .net "EQ", 0 0, L_0000022fd4ef3a90;  1 drivers
v0000022fd4e0def0_0 .var "IR", 31 0;
v0000022fd4e0e490_0 .net "Iimm", 31 0, L_0000022fd4e8e2e0;  1 drivers
v0000022fd4e0cff0_0 .net "Jimm", 31 0, L_0000022fd4ef3630;  1 drivers
v0000022fd4e0df90_0 .net "LOAD_byte", 7 0, L_0000022fd4ef9710;  1 drivers
v0000022fd4e0d270_0 .net "LOAD_data", 31 0, L_0000022fd4ef8270;  1 drivers
v0000022fd4e0e530_0 .net "LOAD_halfword", 15 0, L_0000022fd4ef7cd0;  1 drivers
v0000022fd4e0c870_0 .net "LOAD_sign", 0 0, L_0000022fd4eef9a0;  1 drivers
v0000022fd4e0d310_0 .net "LT", 0 0, L_0000022fd4ef2c30;  1 drivers
v0000022fd4e6f230_0 .net "LTU", 0 0, L_0000022fd4ef2e10;  1 drivers
v0000022fd4e6d2f0_0 .net "PC", 31 2, L_0000022fd4f08520;  1 drivers
v0000022fd4e6d750_0 .net "PCadd1", 31 2, L_0000022fd4f07a80;  1 drivers
v0000022fd4e6d430_0 .net "PCadd2", 31 2, L_0000022fd4f085c0;  1 drivers
v0000022fd4e6d930_0 .var "PCci", 31 2;
v0000022fd4e6ef10_0 .net "PCimm", 31 2, L_0000022fd4ef0b90;  1 drivers
v0000022fd4e6f190_0 .net "PCnext", 31 2, L_0000022fd4f064a0;  1 drivers
v0000022fd4e6d570_0 .var "PCreg0", 31 2;
v0000022fd4e6d890_0 .var "PCreg1", 31 2;
v0000022fd4e6e6f0_0 .net "Simm", 31 0, L_0000022fd4e8f320;  1 drivers
v0000022fd4e6e650_0 .net "Uimm", 31 0, L_0000022fd4e8db60;  1 drivers
v0000022fd4e6f050_0 .net *"_ivl_100", 0 0, L_0000022fd4e8c8a0;  1 drivers
v0000022fd4e6f2d0_0 .net *"_ivl_1000", 29 0, L_0000022fd4f07760;  1 drivers
L_0000022fd4e952d8 .functor BUFT 1, C4<000000000000000000000000000000>, C4<0>, C4<0>, C4<0>;
v0000022fd4e6d610_0 .net/2u *"_ivl_1001", 29 0, L_0000022fd4e952d8;  1 drivers
v0000022fd4e6e290_0 .net *"_ivl_1003", 29 0, L_0000022fd4f06e00;  1 drivers
v0000022fd4e6cf30_0 .net *"_ivl_1006", 29 0, L_0000022fd4f06fe0;  1 drivers
L_0000022fd4e95320 .functor BUFT 1, C4<000000000000000000000000000000>, C4<0>, C4<0>, C4<0>;
v0000022fd4e6e830_0 .net/2u *"_ivl_1007", 29 0, L_0000022fd4e95320;  1 drivers
v0000022fd4e6e790_0 .net *"_ivl_1009", 29 0, L_0000022fd4f062c0;  1 drivers
v0000022fd4e6e8d0_0 .net *"_ivl_1013", 0 0, L_0000022fd4eefa10;  1 drivers
v0000022fd4e6e150_0 .net *"_ivl_1015", 0 0, L_0000022fd4eefc40;  1 drivers
L_0000022fd4e95368 .functor BUFT 1, C4<000000000000000000000000000000>, C4<0>, C4<0>, C4<0>;
v0000022fd4e6d110_0 .net/2u *"_ivl_1017", 29 0, L_0000022fd4e95368;  1 drivers
L_0000022fd4e953b0 .functor BUFT 1, C4<000000000000000000000000000001>, C4<0>, C4<0>, C4<0>;
v0000022fd4e6ed30_0 .net/2u *"_ivl_1019", 29 0, L_0000022fd4e953b0;  1 drivers
v0000022fd4e6dcf0_0 .net *"_ivl_1021", 29 0, L_0000022fd4f06ea0;  1 drivers
v0000022fd4e6e970_0 .net *"_ivl_1028", 29 0, L_0000022fd4f074e0;  1 drivers
v0000022fd4e6e1f0_0 .net *"_ivl_1029", 29 0, L_0000022fd4f07940;  1 drivers
v0000022fd4e6ce90_0 .net *"_ivl_1033", 0 0, L_0000022fd4eefe00;  1 drivers
v0000022fd4e6edd0_0 .net *"_ivl_1037", 0 0, L_0000022fd4ef1760;  1 drivers
L_0000022fd4e93c58 .functor BUFT 1, C4<0100011>, C4<0>, C4<0>, C4<0>;
v0000022fd4e6d250_0 .net/2u *"_ivl_104", 6 0, L_0000022fd4e93c58;  1 drivers
v0000022fd4e6e330_0 .net *"_ivl_1041", 0 0, L_0000022fd4ef1610;  1 drivers
v0000022fd4e6df70_0 .net *"_ivl_1043", 0 0, L_0000022fd4ef14c0;  1 drivers
v0000022fd4e6ec90_0 .net *"_ivl_1051", 0 0, L_0000022fd4ef15a0;  1 drivers
v0000022fd4e6e3d0_0 .net *"_ivl_1053", 0 0, L_0000022fd4f14ad0;  1 drivers
v0000022fd4e6e470_0 .net *"_ivl_1055", 0 0, L_0000022fd4f13aa0;  1 drivers
v0000022fd4e6cfd0_0 .net *"_ivl_106", 0 0, L_0000022fd4e8c940;  1 drivers
v0000022fd4e6d6b0_0 .net *"_ivl_11", 3 0, L_0000022fd4e8d2a0;  1 drivers
L_0000022fd4e93ca0 .functor BUFT 1, C4<1100011>, C4<0>, C4<0>, C4<0>;
v0000022fd4e6d070_0 .net/2u *"_ivl_110", 6 0, L_0000022fd4e93ca0;  1 drivers
v0000022fd4e6ded0_0 .net *"_ivl_112", 0 0, L_0000022fd4e8df20;  1 drivers
L_0000022fd4e93ce8 .functor BUFT 1, C4<1101111>, C4<0>, C4<0>, C4<0>;
v0000022fd4e6dbb0_0 .net/2u *"_ivl_116", 6 0, L_0000022fd4e93ce8;  1 drivers
v0000022fd4e6e510_0 .net *"_ivl_118", 0 0, L_0000022fd4e8c9e0;  1 drivers
v0000022fd4e6efb0_0 .net *"_ivl_12", 31 0, L_0000022fd4e8ce40;  1 drivers
L_0000022fd4e93d30 .functor BUFT 1, C4<1100111>, C4<0>, C4<0>, C4<0>;
v0000022fd4e6ea10_0 .net/2u *"_ivl_122", 6 0, L_0000022fd4e93d30;  1 drivers
v0000022fd4e6d1b0_0 .net *"_ivl_124", 0 0, L_0000022fd4e8d200;  1 drivers
L_0000022fd4e93d78 .functor BUFT 1, C4<0110111>, C4<0>, C4<0>, C4<0>;
v0000022fd4e6d390_0 .net/2u *"_ivl_128", 6 0, L_0000022fd4e93d78;  1 drivers
v0000022fd4e6ccb0_0 .net *"_ivl_130", 0 0, L_0000022fd4e8cf80;  1 drivers
L_0000022fd4e93dc0 .functor BUFT 1, C4<0010111>, C4<0>, C4<0>, C4<0>;
v0000022fd4e6ebf0_0 .net/2u *"_ivl_134", 6 0, L_0000022fd4e93dc0;  1 drivers
v0000022fd4e6ee70_0 .net *"_ivl_136", 0 0, L_0000022fd4e8d480;  1 drivers
L_0000022fd4e93e08 .functor BUFT 1, C4<1110011>, C4<0>, C4<0>, C4<0>;
v0000022fd4e6eab0_0 .net/2u *"_ivl_140", 6 0, L_0000022fd4e93e08;  1 drivers
v0000022fd4e6f0f0_0 .net *"_ivl_142", 0 0, L_0000022fd4e8ca80;  1 drivers
L_0000022fd4e93e50 .functor BUFT 1, C4<0000001>, C4<0>, C4<0>, C4<0>;
v0000022fd4e6d4d0_0 .net/2u *"_ivl_146", 6 0, L_0000022fd4e93e50;  1 drivers
v0000022fd4e6cb70_0 .net *"_ivl_148", 0 0, L_0000022fd4e8e420;  1 drivers
L_0000022fd4e937d8 .functor BUFT 1, C4<0000000000000000000000000000>, C4<0>, C4<0>, C4<0>;
v0000022fd4e6cc10_0 .net *"_ivl_15", 27 0, L_0000022fd4e937d8;  1 drivers
v0000022fd4e6e010_0 .net *"_ivl_150", 0 0, L_0000022fd4e7a980;  1 drivers
v0000022fd4e6cd50_0 .net *"_ivl_153", 0 0, L_0000022fd4e8e380;  1 drivers
v0000022fd4e6d9d0_0 .net *"_ivl_154", 0 0, L_0000022fd4e7ad00;  1 drivers
L_0000022fd4e93e98 .functor BUFT 1, C4<0000001>, C4<0>, C4<0>, C4<0>;
v0000022fd4e6cdf0_0 .net/2u *"_ivl_158", 6 0, L_0000022fd4e93e98;  1 drivers
L_0000022fd4e93820 .functor BUFT 1, C4<00000000000000000000000000000000>, C4<0>, C4<0>, C4<0>;
v0000022fd4e6e5b0_0 .net/2u *"_ivl_16", 31 0, L_0000022fd4e93820;  1 drivers
v0000022fd4e6d7f0_0 .net *"_ivl_160", 0 0, L_0000022fd4e8d660;  1 drivers
v0000022fd4e6eb50_0 .net *"_ivl_162", 0 0, L_0000022fd4e7b240;  1 drivers
v0000022fd4e6da70_0 .net *"_ivl_165", 0 0, L_0000022fd4e8d0c0;  1 drivers
v0000022fd4e6db10_0 .net *"_ivl_168", 0 0, L_0000022fd4e7ad70;  1 drivers
v0000022fd4e6dc50_0 .net *"_ivl_172", 0 0, L_0000022fd4e7aad0;  1 drivers
v0000022fd4e6dd90_0 .net *"_ivl_174", 0 0, L_0000022fd4e7ae50;  1 drivers
v0000022fd4e6de30_0 .net *"_ivl_178", 0 0, L_0000022fd4e7aa60;  1 drivers
v0000022fd4e6e0b0_0 .net *"_ivl_18", 0 0, L_0000022fd4e8ee20;  1 drivers
v0000022fd4e6f5f0_0 .net *"_ivl_180", 0 0, L_0000022fd4e7afa0;  1 drivers
v0000022fd4e6fa50_0 .net *"_ivl_182", 0 0, L_0000022fd4e7ab40;  1 drivers
v0000022fd4e708b0_0 .net *"_ivl_184", 0 0, L_0000022fd4e7abb0;  1 drivers
v0000022fd4e6fb90_0 .net *"_ivl_186", 0 0, L_0000022fd4e7b0f0;  1 drivers
v0000022fd4e6faf0_0 .net *"_ivl_188", 0 0, L_0000022fd4e7b010;  1 drivers
L_0000022fd4e93ee0 .functor BUFT 1, C4<000>, C4<0>, C4<0>, C4<0>;
v0000022fd4e6fc30_0 .net/2u *"_ivl_192", 2 0, L_0000022fd4e93ee0;  1 drivers
v0000022fd4e6f9b0_0 .net *"_ivl_194", 0 0, L_0000022fd4e8d3e0;  1 drivers
v0000022fd4e6fcd0_0 .net *"_ivl_196", 0 0, L_0000022fd4e7b4e0;  1 drivers
v0000022fd4e70270_0 .net *"_ivl_199", 0 0, L_0000022fd4e8d020;  1 drivers
v0000022fd4e6fd70_0 .net *"_ivl_2", 0 0, L_0000022fd4e09ad0;  1 drivers
v0000022fd4e70950_0 .net *"_ivl_20", 31 0, L_0000022fd4e8cc60;  1 drivers
L_0000022fd4e93f28 .functor BUFT 1, C4<000>, C4<0>, C4<0>, C4<0>;
v0000022fd4e6f410_0 .net/2u *"_ivl_202", 2 0, L_0000022fd4e93f28;  1 drivers
v0000022fd4e6f550_0 .net *"_ivl_204", 0 0, L_0000022fd4e8de80;  1 drivers
v0000022fd4e6fe10_0 .net *"_ivl_206", 0 0, L_0000022fd4e7b1d0;  1 drivers
v0000022fd4e703b0_0 .net *"_ivl_209", 1 0, L_0000022fd4e8d5c0;  1 drivers
L_0000022fd4e93f70 .functor BUFT 1, C4<00>, C4<0>, C4<0>, C4<0>;
v0000022fd4e6f7d0_0 .net/2u *"_ivl_210", 1 0, L_0000022fd4e93f70;  1 drivers
v0000022fd4e6f4b0_0 .net *"_ivl_212", 0 0, L_0000022fd4e8e4c0;  1 drivers
L_0000022fd4e93fb8 .functor BUFT 1, C4<000>, C4<0>, C4<0>, C4<0>;
v0000022fd4e70090_0 .net/2u *"_ivl_216", 2 0, L_0000022fd4e93fb8;  1 drivers
v0000022fd4e6feb0_0 .net *"_ivl_218", 0 0, L_0000022fd4e8e9c0;  1 drivers
v0000022fd4e70130_0 .net *"_ivl_220", 0 0, L_0000022fd4e7a7c0;  1 drivers
v0000022fd4e701d0_0 .net *"_ivl_223", 1 0, L_0000022fd4e8da20;  1 drivers
L_0000022fd4e94000 .functor BUFT 1, C4<01>, C4<0>, C4<0>, C4<0>;
v0000022fd4e6f690_0 .net/2u *"_ivl_224", 1 0, L_0000022fd4e94000;  1 drivers
v0000022fd4e70310_0 .net *"_ivl_226", 0 0, L_0000022fd4e8d7a0;  1 drivers
v0000022fd4e6fff0_0 .net *"_ivl_23", 3 0, L_0000022fd4e8e1a0;  1 drivers
L_0000022fd4e94048 .functor BUFT 1, C4<001>, C4<0>, C4<0>, C4<0>;
v0000022fd4e6ff50_0 .net/2u *"_ivl_230", 2 0, L_0000022fd4e94048;  1 drivers
v0000022fd4e6f730_0 .net *"_ivl_232", 0 0, L_0000022fd4e8d840;  1 drivers
v0000022fd4e70450_0 .net *"_ivl_234", 0 0, L_0000022fd4e7b2b0;  1 drivers
v0000022fd4e6f870_0 .net *"_ivl_237", 11 0, L_0000022fd4e8dca0;  1 drivers
L_0000022fd4e94090 .functor BUFT 1, C4<001101000001>, C4<0>, C4<0>, C4<0>;
v0000022fd4e709f0_0 .net/2u *"_ivl_238", 11 0, L_0000022fd4e94090;  1 drivers
v0000022fd4e706d0_0 .net *"_ivl_24", 5 0, L_0000022fd4e8d160;  1 drivers
v0000022fd4e6f910_0 .net *"_ivl_240", 0 0, L_0000022fd4e8d8e0;  1 drivers
v0000022fd4e704f0_0 .net *"_ivl_245", 0 0, L_0000022fd4e8d980;  1 drivers
v0000022fd4e70590_0 .net *"_ivl_247", 18 0, L_0000022fd4e8dac0;  1 drivers
L_0000022fd4e940d8 .functor BUFT 1, C4<000000000000>, C4<0>, C4<0>, C4<0>;
v0000022fd4e70630_0 .net/2u *"_ivl_248", 11 0, L_0000022fd4e940d8;  1 drivers
v0000022fd4e6f370_0 .net *"_ivl_253", 0 0, L_0000022fd4e8dd40;  1 drivers
v0000022fd4e70770_0 .net *"_ivl_254", 20 0, L_0000022fd4e8dfc0;  1 drivers
v0000022fd4e70810_0 .net *"_ivl_257", 10 0, L_0000022fd4e8e240;  1 drivers
v0000022fd4e72a70_0 .net *"_ivl_261", 0 0, L_0000022fd4e8e740;  1 drivers
v0000022fd4e72070_0 .net *"_ivl_262", 20 0, L_0000022fd4e8e7e0;  1 drivers
v0000022fd4e73010_0 .net *"_ivl_265", 5 0, L_0000022fd4e8e880;  1 drivers
v0000022fd4e72570_0 .net *"_ivl_267", 4 0, L_0000022fd4e8f460;  1 drivers
L_0000022fd4e93868 .functor BUFT 1, C4<00>, C4<0>, C4<0>, C4<0>;
v0000022fd4e71490_0 .net *"_ivl_27", 1 0, L_0000022fd4e93868;  1 drivers
v0000022fd4e73150_0 .net *"_ivl_271", 0 0, L_0000022fd4e8f3c0;  1 drivers
v0000022fd4e72b10_0 .net *"_ivl_272", 19 0, L_0000022fd4e8f0a0;  1 drivers
v0000022fd4e71cb0_0 .net *"_ivl_275", 0 0, L_0000022fd4e8f500;  1 drivers
v0000022fd4e71850_0 .net *"_ivl_277", 5 0, L_0000022fd4e8f640;  1 drivers
v0000022fd4e73290_0 .net *"_ivl_279", 3 0, L_0000022fd4e8f5a0;  1 drivers
L_0000022fd4e938b0 .functor BUFT 1, C4<000001>, C4<0>, C4<0>, C4<0>;
v0000022fd4e72e30_0 .net/2u *"_ivl_28", 5 0, L_0000022fd4e938b0;  1 drivers
L_0000022fd4e94120 .functor BUFT 1, C4<0>, C4<0>, C4<0>, C4<0>;
v0000022fd4e71df0_0 .net/2u *"_ivl_280", 0 0, L_0000022fd4e94120;  1 drivers
v0000022fd4e72bb0_0 .net *"_ivl_285", 0 0, L_0000022fd4e8f000;  1 drivers
v0000022fd4e72c50_0 .net *"_ivl_286", 11 0, L_0000022fd4e8f140;  1 drivers
v0000022fd4e71fd0_0 .net *"_ivl_289", 7 0, L_0000022fd4e8f1e0;  1 drivers
v0000022fd4e71670_0 .net *"_ivl_291", 0 0, L_0000022fd4e8f280;  1 drivers
v0000022fd4e71f30_0 .net *"_ivl_293", 9 0, L_0000022fd4ef3b30;  1 drivers
L_0000022fd4e94168 .functor BUFT 1, C4<0>, C4<0>, C4<0>, C4<0>;
v0000022fd4e73650_0 .net/2u *"_ivl_294", 0 0, L_0000022fd4e94168;  1 drivers
L_0000022fd4e941b0 .functor BUFT 1, C4<00000000000000000000000000000000>, C4<0>, C4<0>, C4<0>;
v0000022fd4e71a30_0 .net/2u *"_ivl_298", 31 0, L_0000022fd4e941b0;  1 drivers
v0000022fd4e729d0_0 .net *"_ivl_30", 5 0, L_0000022fd4e8cbc0;  1 drivers
L_0000022fd4e941f8 .functor BUFT 1, C4<00>, C4<0>, C4<0>, C4<0>;
v0000022fd4e72110_0 .net/2u *"_ivl_300", 1 0, L_0000022fd4e941f8;  1 drivers
v0000022fd4e73510_0 .net *"_ivl_302", 31 0, L_0000022fd4ef43f0;  1 drivers
v0000022fd4e710d0_0 .net *"_ivl_304", 31 0, L_0000022fd4ef36d0;  1 drivers
v0000022fd4e71350_0 .net *"_ivl_308", 0 0, L_0000022fd4e7a8a0;  1 drivers
L_0000022fd4e94240 .functor BUFT 1, C4<00000000000000000000000000000000>, C4<0>, C4<0>, C4<0>;
v0000022fd4e72250_0 .net/2u *"_ivl_310", 31 0, L_0000022fd4e94240;  1 drivers
v0000022fd4e713f0_0 .net *"_ivl_312", 31 0, L_0000022fd4ef2b90;  1 drivers
v0000022fd4e70f90_0 .net *"_ivl_314", 0 0, L_0000022fd4e7b470;  1 drivers
v0000022fd4e72cf0_0 .net *"_ivl_316", 0 0, L_0000022fd4e7b5c0;  1 drivers
L_0000022fd4e94288 .functor BUFT 1, C4<00000000000000000000000000000000>, C4<0>, C4<0>, C4<0>;
v0000022fd4e71530_0 .net/2u *"_ivl_318", 31 0, L_0000022fd4e94288;  1 drivers
L_0000022fd4e938f8 .functor BUFT 1, C4<00000000000000000000000000000000>, C4<0>, C4<0>, C4<0>;
v0000022fd4e72750_0 .net/2u *"_ivl_32", 31 0, L_0000022fd4e938f8;  1 drivers
v0000022fd4e726b0_0 .net *"_ivl_320", 31 0, L_0000022fd4ef4490;  1 drivers
v0000022fd4e715d0_0 .net *"_ivl_322", 31 0, L_0000022fd4e7b550;  1 drivers
L_0000022fd4e942d0 .functor BUFT 1, C4<00000000000000000000000000000000>, C4<0>, C4<0>, C4<0>;
v0000022fd4e72890_0 .net/2u *"_ivl_324", 31 0, L_0000022fd4e942d0;  1 drivers
v0000022fd4e72ed0_0 .net *"_ivl_326", 31 0, L_0000022fd4ef2410;  1 drivers
v0000022fd4e736f0_0 .net *"_ivl_328", 31 0, L_0000022fd4e7a830;  1 drivers
v0000022fd4e71b70_0 .net *"_ivl_330", 0 0, L_0000022fd4ef07a0;  1 drivers
L_0000022fd4e94318 .functor BUFT 1, C4<00000000000000000000000000000000>, C4<0>, C4<0>, C4<0>;
v0000022fd4e72390_0 .net/2u *"_ivl_332", 31 0, L_0000022fd4e94318;  1 drivers
v0000022fd4e71d50_0 .net *"_ivl_334", 31 0, L_0000022fd4ef42b0;  1 drivers
v0000022fd4e71c10_0 .net *"_ivl_339", 0 0, L_0000022fd4ef4170;  1 drivers
v0000022fd4e71710_0 .net *"_ivl_340", 31 0, L_0000022fd4ef4210;  1 drivers
L_0000022fd4e94360 .functor BUFT 1, C4<00000000000000000000000000000>, C4<0>, C4<0>, C4<0>;
v0000022fd4e727f0_0 .net *"_ivl_343", 28 0, L_0000022fd4e94360;  1 drivers
L_0000022fd4e943a8 .functor BUFT 1, C4<00000000000000000000000000000010>, C4<0>, C4<0>, C4<0>;
v0000022fd4e717b0_0 .net/2u *"_ivl_344", 31 0, L_0000022fd4e943a8;  1 drivers
v0000022fd4e71e90_0 .net *"_ivl_346", 0 0, L_0000022fd4ef2910;  1 drivers
v0000022fd4e721b0_0 .net *"_ivl_348", 0 0, L_0000022fd4ef0650;  1 drivers
v0000022fd4e71ad0_0 .net *"_ivl_350", 31 0, L_0000022fd4ef3130;  1 drivers
L_0000022fd4e943f0 .functor BUFT 1, C4<00000000000000000000000000000>, C4<0>, C4<0>, C4<0>;
v0000022fd4e718f0_0 .net *"_ivl_353", 28 0, L_0000022fd4e943f0;  1 drivers
L_0000022fd4e94438 .functor BUFT 1, C4<00000000000000000000000000000011>, C4<0>, C4<0>, C4<0>;
v0000022fd4e72930_0 .net/2u *"_ivl_354", 31 0, L_0000022fd4e94438;  1 drivers
v0000022fd4e735b0_0 .net *"_ivl_356", 0 0, L_0000022fd4ef2d70;  1 drivers
v0000022fd4e73470_0 .net *"_ivl_358", 0 0, L_0000022fd4ef0c00;  1 drivers
v0000022fd4e72f70_0 .net *"_ivl_360", 0 0, L_0000022fd4eefa80;  1 drivers
v0000022fd4e72d90_0 .net *"_ivl_362", 31 0, L_0000022fd4ef4350;  1 drivers
L_0000022fd4e94480 .functor BUFT 1, C4<00000000000000000000000000000>, C4<0>, C4<0>, C4<0>;
v0000022fd4e722f0_0 .net *"_ivl_365", 28 0, L_0000022fd4e94480;  1 drivers
L_0000022fd4e944c8 .functor BUFT 1, C4<00000000000000000000000000000010>, C4<0>, C4<0>, C4<0>;
v0000022fd4e733d0_0 .net/2u *"_ivl_366", 31 0, L_0000022fd4e944c8;  1 drivers
v0000022fd4e71990_0 .net *"_ivl_368", 0 0, L_0000022fd4ef3770;  1 drivers
v0000022fd4e730b0_0 .net *"_ivl_37", 3 0, L_0000022fd4e8d340;  1 drivers
v0000022fd4e731f0_0 .net *"_ivl_370", 31 0, L_0000022fd4ef4530;  1 drivers
L_0000022fd4e94510 .functor BUFT 1, C4<00000000000000000000000000000>, C4<0>, C4<0>, C4<0>;
v0000022fd4e72610_0 .net *"_ivl_373", 28 0, L_0000022fd4e94510;  1 drivers
L_0000022fd4e94558 .functor BUFT 1, C4<00000000000000000000000000000011>, C4<0>, C4<0>, C4<0>;
v0000022fd4e72430_0 .net/2u *"_ivl_374", 31 0, L_0000022fd4e94558;  1 drivers
v0000022fd4e73330_0 .net *"_ivl_376", 0 0, L_0000022fd4ef2f50;  1 drivers
v0000022fd4e724d0_0 .net *"_ivl_378", 0 0, L_0000022fd4ef1220;  1 drivers
v0000022fd4e71030_0 .net *"_ivl_38", 31 0, L_0000022fd4e8eb00;  1 drivers
v0000022fd4e71170_0 .net *"_ivl_380", 0 0, L_0000022fd4eefd90;  1 drivers
v0000022fd4e71210_0 .net *"_ivl_382", 0 0, L_0000022fd4eef8c0;  1 drivers
v0000022fd4e712b0_0 .net *"_ivl_386", 31 0, L_0000022fd4ef0c70;  1 drivers
v0000022fd4e74d70_0 .net *"_ivl_388", 31 0, L_0000022fd4ef2af0;  1 drivers
v0000022fd4e74910_0 .net *"_ivl_390", 32 0, L_0000022fd4ef2230;  1 drivers
v0000022fd4e73830_0 .net *"_ivl_392", 32 0, L_0000022fd4ef4710;  1 drivers
L_0000022fd4e945a0 .functor BUFT 1, C4<0>, C4<0>, C4<0>, C4<0>;
v0000022fd4e74370_0 .net *"_ivl_395", 0 0, L_0000022fd4e945a0;  1 drivers
v0000022fd4e74b90_0 .net *"_ivl_396", 32 0, L_0000022fd4ef39f0;  1 drivers
v0000022fd4e73970_0 .net *"_ivl_398", 32 0, L_0000022fd4ef3c70;  1 drivers
v0000022fd4e74c30_0 .net *"_ivl_4", 0 0, L_0000022fd4e096e0;  1 drivers
L_0000022fd4e945e8 .functor BUFT 1, C4<00000000000000000000000000000000>, C4<0>, C4<0>, C4<0>;
v0000022fd4e73d30_0 .net *"_ivl_401", 31 0, L_0000022fd4e945e8;  1 drivers
v0000022fd4e73a10_0 .net *"_ivl_405", 0 0, L_0000022fd4ef3950;  1 drivers
v0000022fd4e742d0_0 .net *"_ivl_407", 0 0, L_0000022fd4ef45d0;  1 drivers
v0000022fd4e747d0_0 .net *"_ivl_408", 0 0, L_0000022fd4ef01f0;  1 drivers
L_0000022fd4e93940 .functor BUFT 1, C4<0000000000000000000000000000>, C4<0>, C4<0>, C4<0>;
v0000022fd4e73790_0 .net *"_ivl_41", 27 0, L_0000022fd4e93940;  1 drivers
v0000022fd4e73fb0_0 .net *"_ivl_411", 0 0, L_0000022fd4ef2730;  1 drivers
v0000022fd4e745f0_0 .net *"_ivl_413", 0 0, L_0000022fd4ef27d0;  1 drivers
v0000022fd4e74e10_0 .net *"_ivl_419", 31 0, L_0000022fd4ef2eb0;  1 drivers
L_0000022fd4e93988 .functor BUFT 1, C4<00000000000000000000000000000000>, C4<0>, C4<0>, C4<0>;
v0000022fd4e74cd0_0 .net/2u *"_ivl_42", 31 0, L_0000022fd4e93988;  1 drivers
L_0000022fd4e94630 .functor BUFT 1, C4<00000000000000000000000000000000>, C4<0>, C4<0>, C4<0>;
v0000022fd4e73f10_0 .net/2u *"_ivl_420", 31 0, L_0000022fd4e94630;  1 drivers
v0000022fd4e749b0_0 .net *"_ivl_424", 0 0, L_0000022fd4ef1060;  1 drivers
L_0000022fd4e94678 .functor BUFT 1, C4<001>, C4<0>, C4<0>, C4<0>;
v0000022fd4e738d0_0 .net/2u *"_ivl_426", 2 0, L_0000022fd4e94678;  1 drivers
v0000022fd4e73ab0_0 .net *"_ivl_428", 0 0, L_0000022fd4ef2cd0;  1 drivers
v0000022fd4e73e70_0 .net *"_ivl_433", 0 0, L_0000022fd4ef3d10;  1 drivers
v0000022fd4e73b50_0 .net *"_ivl_435", 0 0, L_0000022fd4ef2190;  1 drivers
v0000022fd4e73bf0_0 .net *"_ivl_437", 0 0, L_0000022fd4ef47b0;  1 drivers
v0000022fd4e73c90_0 .net *"_ivl_439", 0 0, L_0000022fd4ef2870;  1 drivers
v0000022fd4e744b0_0 .net *"_ivl_44", 0 0, L_0000022fd4e8e100;  1 drivers
v0000022fd4e740f0_0 .net *"_ivl_441", 0 0, L_0000022fd4ef22d0;  1 drivers
v0000022fd4e74230_0 .net *"_ivl_443", 0 0, L_0000022fd4ef4850;  1 drivers
v0000022fd4e73dd0_0 .net *"_ivl_445", 0 0, L_0000022fd4ef29b0;  1 drivers
v0000022fd4e74050_0 .net *"_ivl_447", 0 0, L_0000022fd4ef4670;  1 drivers
v0000022fd4e74730_0 .net *"_ivl_449", 0 0, L_0000022fd4ef2a50;  1 drivers
v0000022fd4e74a50_0 .net *"_ivl_451", 0 0, L_0000022fd4ef31d0;  1 drivers
v0000022fd4e74190_0 .net *"_ivl_453", 0 0, L_0000022fd4ef3810;  1 drivers
v0000022fd4e74410_0 .net *"_ivl_455", 0 0, L_0000022fd4ef3db0;  1 drivers
v0000022fd4e74550_0 .net *"_ivl_457", 0 0, L_0000022fd4ef3310;  1 drivers
v0000022fd4e74690_0 .net *"_ivl_459", 0 0, L_0000022fd4ef20f0;  1 drivers
v0000022fd4e74870_0 .net *"_ivl_46", 31 0, L_0000022fd4e8dde0;  1 drivers
v0000022fd4e74af0_0 .net *"_ivl_461", 0 0, L_0000022fd4ef2370;  1 drivers
v0000022fd4e78200_0 .net *"_ivl_463", 0 0, L_0000022fd4ef2550;  1 drivers
v0000022fd4e76900_0 .net *"_ivl_465", 0 0, L_0000022fd4ef3e50;  1 drivers
v0000022fd4e78480_0 .net *"_ivl_467", 0 0, L_0000022fd4ef3f90;  1 drivers
v0000022fd4e78660_0 .net *"_ivl_469", 0 0, L_0000022fd4ef25f0;  1 drivers
v0000022fd4e788e0_0 .net *"_ivl_471", 0 0, L_0000022fd4ef2690;  1 drivers
v0000022fd4e76b80_0 .net *"_ivl_473", 0 0, L_0000022fd4ef2ff0;  1 drivers
v0000022fd4e77940_0 .net *"_ivl_475", 0 0, L_0000022fd4ef3ef0;  1 drivers
v0000022fd4e773a0_0 .net *"_ivl_477", 0 0, L_0000022fd4ef3590;  1 drivers
v0000022fd4e782a0_0 .net *"_ivl_479", 0 0, L_0000022fd4ef3090;  1 drivers
v0000022fd4e77580_0 .net *"_ivl_481", 0 0, L_0000022fd4ef3270;  1 drivers
v0000022fd4e77f80_0 .net *"_ivl_483", 0 0, L_0000022fd4ef34f0;  1 drivers
v0000022fd4e78e80_0 .net *"_ivl_485", 0 0, L_0000022fd4ef33b0;  1 drivers
v0000022fd4e78700_0 .net *"_ivl_487", 0 0, L_0000022fd4ef3450;  1 drivers
v0000022fd4e769a0_0 .net *"_ivl_489", 0 0, L_0000022fd4ef3bd0;  1 drivers
v0000022fd4e77c60_0 .net *"_ivl_49", 3 0, L_0000022fd4e8ed80;  1 drivers
v0000022fd4e78a20_0 .net *"_ivl_491", 0 0, L_0000022fd4ef4030;  1 drivers
v0000022fd4e76c20_0 .net *"_ivl_493", 0 0, L_0000022fd4ef40d0;  1 drivers
v0000022fd4e78ac0_0 .net *"_ivl_495", 0 0, L_0000022fd4ef5e30;  1 drivers
v0000022fd4e771c0_0 .net *"_ivl_496", 31 0, L_0000022fd4ef65b0;  1 drivers
v0000022fd4e76ae0_0 .net *"_ivl_50", 5 0, L_0000022fd4e8d520;  1 drivers
v0000022fd4e77b20_0 .net *"_ivl_500", 0 0, L_0000022fd4ef0f10;  1 drivers
L_0000022fd4e946c0 .functor BUFT 1, C4<101>, C4<0>, C4<0>, C4<0>;
v0000022fd4e783e0_0 .net/2u *"_ivl_502", 2 0, L_0000022fd4e946c0;  1 drivers
v0000022fd4e76e00_0 .net *"_ivl_504", 0 0, L_0000022fd4ef6510;  1 drivers
v0000022fd4e779e0_0 .net *"_ivl_506", 0 0, L_0000022fd4ef10d0;  1 drivers
v0000022fd4e78d40_0 .net *"_ivl_509", 0 0, L_0000022fd4ef48f0;  1 drivers
v0000022fd4e77bc0_0 .net *"_ivl_513", 0 0, L_0000022fd4ef60b0;  1 drivers
v0000022fd4e77620_0 .net *"_ivl_515", 0 0, L_0000022fd4ef6650;  1 drivers
v0000022fd4e78840_0 .net *"_ivl_516", 0 0, L_0000022fd4ef0110;  1 drivers
v0000022fd4e78980_0 .net *"_ivl_518", 15 0, L_0000022fd4ef5ed0;  1 drivers
v0000022fd4e77d00_0 .net *"_ivl_521", 15 0, L_0000022fd4ef6ab0;  1 drivers
v0000022fd4e78b60_0 .net *"_ivl_522", 31 0, L_0000022fd4ef6b50;  1 drivers
v0000022fd4e78520_0 .net *"_ivl_527", 0 0, L_0000022fd4ef6bf0;  1 drivers
v0000022fd4e78c00_0 .net *"_ivl_529", 0 0, L_0000022fd4ef6790;  1 drivers
L_0000022fd4e939d0 .functor BUFT 1, C4<00>, C4<0>, C4<0>, C4<0>;
v0000022fd4e77a80_0 .net *"_ivl_53", 1 0, L_0000022fd4e939d0;  1 drivers
v0000022fd4e78340_0 .net *"_ivl_530", 0 0, L_0000022fd4ef0260;  1 drivers
v0000022fd4e778a0_0 .net *"_ivl_532", 7 0, L_0000022fd4ef6dd0;  1 drivers
v0000022fd4e78ca0_0 .net *"_ivl_535", 23 0, L_0000022fd4ef4fd0;  1 drivers
v0000022fd4e77da0_0 .net *"_ivl_536", 31 0, L_0000022fd4ef5070;  1 drivers
L_0000022fd4e93a18 .functor BUFT 1, C4<000001>, C4<0>, C4<0>, C4<0>;
v0000022fd4e76cc0_0 .net/2u *"_ivl_54", 5 0, L_0000022fd4e93a18;  1 drivers
v0000022fd4e78de0_0 .net *"_ivl_541", 0 0, L_0000022fd4ef5c50;  1 drivers
v0000022fd4e785c0_0 .net *"_ivl_543", 0 0, L_0000022fd4ef52f0;  1 drivers
v0000022fd4e774e0_0 .net *"_ivl_544", 0 0, L_0000022fd4eeff50;  1 drivers
v0000022fd4e77080_0 .net *"_ivl_546", 3 0, L_0000022fd4ef4a30;  1 drivers
v0000022fd4e78f20_0 .net *"_ivl_549", 27 0, L_0000022fd4ef54d0;  1 drivers
v0000022fd4e787a0_0 .net *"_ivl_550", 31 0, L_0000022fd4ef6830;  1 drivers
v0000022fd4e776c0_0 .net *"_ivl_555", 0 0, L_0000022fd4ef5250;  1 drivers
v0000022fd4e767c0_0 .net *"_ivl_557", 0 0, L_0000022fd4ef6150;  1 drivers
v0000022fd4e76860_0 .net *"_ivl_558", 0 0, L_0000022fd4ef0880;  1 drivers
v0000022fd4e77800_0 .net *"_ivl_56", 5 0, L_0000022fd4e8ece0;  1 drivers
v0000022fd4e76ea0_0 .net *"_ivl_560", 1 0, L_0000022fd4ef6a10;  1 drivers
v0000022fd4e77760_0 .net *"_ivl_563", 29 0, L_0000022fd4ef5f70;  1 drivers
v0000022fd4e76a40_0 .net *"_ivl_564", 31 0, L_0000022fd4ef6010;  1 drivers
v0000022fd4e77260_0 .net *"_ivl_569", 0 0, L_0000022fd4ef61f0;  1 drivers
v0000022fd4e76d60_0 .net *"_ivl_571", 0 0, L_0000022fd4ef6fb0;  1 drivers
v0000022fd4e77e40_0 .net *"_ivl_572", 0 0, L_0000022fd4ef0180;  1 drivers
v0000022fd4e76f40_0 .net *"_ivl_574", 0 0, L_0000022fd4ef6290;  1 drivers
v0000022fd4e76fe0_0 .net *"_ivl_576", 0 0, L_0000022fd4ef6c90;  1 drivers
v0000022fd4e77120_0 .net *"_ivl_579", 30 0, L_0000022fd4ef5610;  1 drivers
L_0000022fd4e93a60 .functor BUFT 1, C4<00000000000000000000000000000000>, C4<0>, C4<0>, C4<0>;
v0000022fd4e77ee0_0 .net/2u *"_ivl_58", 31 0, L_0000022fd4e93a60;  1 drivers
v0000022fd4e77300_0 .net *"_ivl_580", 31 0, L_0000022fd4ef5390;  1 drivers
v0000022fd4e77440_0 .net *"_ivl_585", 0 0, L_0000022fd4ef5bb0;  1 drivers
v0000022fd4e78020_0 .net *"_ivl_587", 0 0, L_0000022fd4ef4d50;  1 drivers
v0000022fd4e780c0_0 .net *"_ivl_589", 0 0, L_0000022fd4ef6470;  1 drivers
v0000022fd4e78160_0 .net *"_ivl_591", 0 0, L_0000022fd4ef63d0;  1 drivers
v0000022fd4e79ce0_0 .net *"_ivl_593", 0 0, L_0000022fd4ef51b0;  1 drivers
v0000022fd4e791a0_0 .net *"_ivl_595", 0 0, L_0000022fd4ef56b0;  1 drivers
v0000022fd4e79e20_0 .net *"_ivl_597", 0 0, L_0000022fd4ef5750;  1 drivers
v0000022fd4e7a1e0_0 .net *"_ivl_599", 0 0, L_0000022fd4ef5890;  1 drivers
v0000022fd4e7a640_0 .net *"_ivl_6", 0 0, L_0000022fd4e09c20;  1 drivers
v0000022fd4e79240_0 .net *"_ivl_601", 0 0, L_0000022fd4ef57f0;  1 drivers
v0000022fd4e792e0_0 .net *"_ivl_603", 0 0, L_0000022fd4ef5930;  1 drivers
v0000022fd4e79380_0 .net *"_ivl_605", 0 0, L_0000022fd4ef6970;  1 drivers
v0000022fd4e796a0_0 .net *"_ivl_607", 0 0, L_0000022fd4ef5cf0;  1 drivers
v0000022fd4e79740_0 .net *"_ivl_609", 0 0, L_0000022fd4ef59d0;  1 drivers
v0000022fd4e79ec0_0 .net *"_ivl_611", 0 0, L_0000022fd4ef5a70;  1 drivers
v0000022fd4e7a3c0_0 .net *"_ivl_613", 0 0, L_0000022fd4ef6f10;  1 drivers
v0000022fd4e79a60_0 .net *"_ivl_615", 0 0, L_0000022fd4ef6d30;  1 drivers
v0000022fd4e79420_0 .net *"_ivl_617", 0 0, L_0000022fd4ef5b10;  1 drivers
v0000022fd4e797e0_0 .net *"_ivl_619", 0 0, L_0000022fd4ef7050;  1 drivers
v0000022fd4e7a500_0 .net *"_ivl_621", 0 0, L_0000022fd4ef5d90;  1 drivers
v0000022fd4e79880_0 .net *"_ivl_623", 0 0, L_0000022fd4ef6e70;  1 drivers
v0000022fd4e79920_0 .net *"_ivl_625", 0 0, L_0000022fd4ef6330;  1 drivers
v0000022fd4e799c0_0 .net *"_ivl_627", 0 0, L_0000022fd4ef4990;  1 drivers
v0000022fd4e79600_0 .net *"_ivl_629", 0 0, L_0000022fd4ef4ad0;  1 drivers
v0000022fd4e7a320_0 .net *"_ivl_631", 0 0, L_0000022fd4ef4b70;  1 drivers
v0000022fd4e794c0_0 .net *"_ivl_633", 0 0, L_0000022fd4ef4c10;  1 drivers
v0000022fd4e79560_0 .net *"_ivl_635", 0 0, L_0000022fd4ef4cb0;  1 drivers
v0000022fd4e79b00_0 .net *"_ivl_637", 0 0, L_0000022fd4ef4df0;  1 drivers
v0000022fd4e7a0a0_0 .net *"_ivl_639", 0 0, L_0000022fd4ef4e90;  1 drivers
v0000022fd4e7a5a0_0 .net *"_ivl_641", 0 0, L_0000022fd4ef88b0;  1 drivers
v0000022fd4e7a140_0 .net *"_ivl_643", 0 0, L_0000022fd4ef9210;  1 drivers
v0000022fd4e79f60_0 .net *"_ivl_645", 0 0, L_0000022fd4ef89f0;  1 drivers
v0000022fd4e7a000_0 .net *"_ivl_647", 0 0, L_0000022fd4ef79b0;  1 drivers
v0000022fd4e79d80_0 .net *"_ivl_648", 31 0, L_0000022fd4ef7730;  1 drivers
v0000022fd4e79ba0_0 .net *"_ivl_652", 31 0, L_0000022fd4ef7ff0;  1 drivers
L_0000022fd4e94708 .functor BUFT 1, C4<00000000000000000000000000000>, C4<0>, C4<0>, C4<0>;
v0000022fd4e79c40_0 .net *"_ivl_655", 28 0, L_0000022fd4e94708;  1 drivers
L_0000022fd4e94750 .functor BUFT 1, C4<00000000000000000000000000000000>, C4<0>, C4<0>, C4<0>;
v0000022fd4e7a280_0 .net/2u *"_ivl_656", 31 0, L_0000022fd4e94750;  1 drivers
v0000022fd4e7a460_0 .net *"_ivl_658", 0 0, L_0000022fd4ef8b30;  1 drivers
v0000022fd4e78fc0_0 .net *"_ivl_660", 0 0, L_0000022fd4ef02d0;  1 drivers
v0000022fd4e79060_0 .net *"_ivl_665", 31 0, L_0000022fd4ef8c70;  1 drivers
L_0000022fd4e94798 .functor BUFT 1, C4<00000000000000000000000000000000>, C4<0>, C4<0>, C4<0>;
v0000022fd4e79100_0 .net/2u *"_ivl_666", 31 0, L_0000022fd4e94798;  1 drivers
v0000022fd4e7e8a0_0 .net *"_ivl_668", 31 0, L_0000022fd4ef8db0;  1 drivers
v0000022fd4e7e4e0_0 .net *"_ivl_670", 31 0, L_0000022fd4ef7690;  1 drivers
L_0000022fd4e947e0 .functor BUFT 1, C4<00000000000000000000000000000>, C4<0>, C4<0>, C4<0>;
v0000022fd4e7f520_0 .net *"_ivl_673", 28 0, L_0000022fd4e947e0;  1 drivers
L_0000022fd4e94828 .functor BUFT 1, C4<00000000000000000000000000000010>, C4<0>, C4<0>, C4<0>;
v0000022fd4e7f340_0 .net/2u *"_ivl_674", 31 0, L_0000022fd4e94828;  1 drivers
v0000022fd4e7e300_0 .net *"_ivl_676", 0 0, L_0000022fd4ef8590;  1 drivers
v0000022fd4e7eda0_0 .net *"_ivl_678", 0 0, L_0000022fd4eeffc0;  1 drivers
v0000022fd4e7e3a0_0 .net *"_ivl_680", 0 0, L_0000022fd4ef06c0;  1 drivers
L_0000022fd4e94870 .functor BUFT 1, C4<0000000000000000000000000000000>, C4<0>, C4<0>, C4<0>;
v0000022fd4e7e800_0 .net/2u *"_ivl_682", 30 0, L_0000022fd4e94870;  1 drivers
v0000022fd4e7f5c0_0 .net *"_ivl_684", 31 0, L_0000022fd4ef83b0;  1 drivers
L_0000022fd4e948b8 .functor BUFT 1, C4<00000000000000000000000000000000>, C4<0>, C4<0>, C4<0>;
v0000022fd4e7e1c0_0 .net/2u *"_ivl_686", 31 0, L_0000022fd4e948b8;  1 drivers
v0000022fd4e7f160_0 .net *"_ivl_688", 31 0, L_0000022fd4ef7eb0;  1 drivers
v0000022fd4e7dfe0_0 .net *"_ivl_69", 4 0, L_0000022fd4e8ec40;  1 drivers
v0000022fd4e7e940_0 .net *"_ivl_690", 31 0, L_0000022fd4ef0340;  1 drivers
v0000022fd4e7e080_0 .net *"_ivl_692", 31 0, L_0000022fd4ef8a90;  1 drivers
L_0000022fd4e94900 .functor BUFT 1, C4<00000000000000000000000000000>, C4<0>, C4<0>, C4<0>;
v0000022fd4e7e760_0 .net *"_ivl_695", 28 0, L_0000022fd4e94900;  1 drivers
L_0000022fd4e94948 .functor BUFT 1, C4<00000000000000000000000000000011>, C4<0>, C4<0>, C4<0>;
v0000022fd4e7ed00_0 .net/2u *"_ivl_696", 31 0, L_0000022fd4e94948;  1 drivers
v0000022fd4e7e260_0 .net *"_ivl_698", 0 0, L_0000022fd4ef7a50;  1 drivers
L_0000022fd4e93aa8 .functor BUFT 1, C4<00000>, C4<0>, C4<0>, C4<0>;
v0000022fd4e7f020_0 .net/2u *"_ivl_70", 4 0, L_0000022fd4e93aa8;  1 drivers
v0000022fd4e7e440_0 .net *"_ivl_700", 0 0, L_0000022fd4ef08f0;  1 drivers
v0000022fd4e7f200_0 .net *"_ivl_702", 0 0, L_0000022fd4eefee0;  1 drivers
L_0000022fd4e94990 .functor BUFT 1, C4<0000000000000000000000000000000>, C4<0>, C4<0>, C4<0>;
v0000022fd4e7f2a0_0 .net/2u *"_ivl_704", 30 0, L_0000022fd4e94990;  1 drivers
v0000022fd4e7f3e0_0 .net *"_ivl_706", 31 0, L_0000022fd4ef8310;  1 drivers
L_0000022fd4e949d8 .functor BUFT 1, C4<00000000000000000000000000000000>, C4<0>, C4<0>, C4<0>;
v0000022fd4e7e580_0 .net/2u *"_ivl_708", 31 0, L_0000022fd4e949d8;  1 drivers
v0000022fd4e7eb20_0 .net *"_ivl_710", 31 0, L_0000022fd4ef7f50;  1 drivers
v0000022fd4e7e9e0_0 .net *"_ivl_712", 31 0, L_0000022fd4ef0f80;  1 drivers
v0000022fd4e7f0c0_0 .net *"_ivl_714", 31 0, L_0000022fd4ef9350;  1 drivers
L_0000022fd4e94a20 .functor BUFT 1, C4<00000000000000000000000000000>, C4<0>, C4<0>, C4<0>;
v0000022fd4e7ea80_0 .net *"_ivl_717", 28 0, L_0000022fd4e94a20;  1 drivers
L_0000022fd4e94a68 .functor BUFT 1, C4<00000000000000000000000000000100>, C4<0>, C4<0>, C4<0>;
v0000022fd4e7eee0_0 .net/2u *"_ivl_718", 31 0, L_0000022fd4e94a68;  1 drivers
v0000022fd4e7e120_0 .net *"_ivl_720", 0 0, L_0000022fd4ef84f0;  1 drivers
v0000022fd4e7ebc0_0 .net *"_ivl_722", 0 0, L_0000022fd4ef0490;  1 drivers
v0000022fd4e7ee40_0 .net *"_ivl_724", 0 0, L_0000022fd4ef03b0;  1 drivers
v0000022fd4e7ec60_0 .net *"_ivl_726", 31 0, L_0000022fd4ef0730;  1 drivers
L_0000022fd4e94ab0 .functor BUFT 1, C4<00000000000000000000000000000000>, C4<0>, C4<0>, C4<0>;
v0000022fd4e7ef80_0 .net/2u *"_ivl_728", 31 0, L_0000022fd4e94ab0;  1 drivers
v0000022fd4e7e620_0 .net *"_ivl_730", 31 0, L_0000022fd4ef86d0;  1 drivers
v0000022fd4e7e6c0_0 .net *"_ivl_732", 31 0, L_0000022fd4ef0ff0;  1 drivers
v0000022fd4e7f480_0 .net *"_ivl_734", 31 0, L_0000022fd4ef8d10;  1 drivers
L_0000022fd4e94af8 .functor BUFT 1, C4<00000000000000000000000000000>, C4<0>, C4<0>, C4<0>;
v0000022fd4e7f660_0 .net *"_ivl_737", 28 0, L_0000022fd4e94af8;  1 drivers
L_0000022fd4e94b40 .functor BUFT 1, C4<00000000000000000000000000000110>, C4<0>, C4<0>, C4<0>;
v0000022fd4e7b9c0_0 .net/2u *"_ivl_738", 31 0, L_0000022fd4e94b40;  1 drivers
v0000022fd4e7c820_0 .net *"_ivl_740", 0 0, L_0000022fd4ef8130;  1 drivers
v0000022fd4e7cbe0_0 .net *"_ivl_742", 0 0, L_0000022fd4ef05e0;  1 drivers
v0000022fd4e7ca00_0 .net *"_ivl_744", 0 0, L_0000022fd4ef0420;  1 drivers
v0000022fd4e7c460_0 .net *"_ivl_746", 31 0, L_0000022fd4ef0500;  1 drivers
L_0000022fd4e94b88 .functor BUFT 1, C4<00000000000000000000000000000000>, C4<0>, C4<0>, C4<0>;
v0000022fd4e7ce60_0 .net/2u *"_ivl_748", 31 0, L_0000022fd4e94b88;  1 drivers
v0000022fd4e7dc20_0 .net *"_ivl_75", 4 0, L_0000022fd4e8dc00;  1 drivers
v0000022fd4e7d900_0 .net *"_ivl_750", 31 0, L_0000022fd4ef8630;  1 drivers
v0000022fd4e7c280_0 .net *"_ivl_752", 31 0, L_0000022fd4ef0ce0;  1 drivers
v0000022fd4e7d400_0 .net *"_ivl_754", 31 0, L_0000022fd4ef7c30;  1 drivers
L_0000022fd4e94bd0 .functor BUFT 1, C4<00000000000000000000000000000>, C4<0>, C4<0>, C4<0>;
v0000022fd4e7da40_0 .net *"_ivl_757", 28 0, L_0000022fd4e94bd0;  1 drivers
L_0000022fd4e94c18 .functor BUFT 1, C4<00000000000000000000000000000111>, C4<0>, C4<0>, C4<0>;
v0000022fd4e7df40_0 .net/2u *"_ivl_758", 31 0, L_0000022fd4e94c18;  1 drivers
L_0000022fd4e93af0 .functor BUFT 1, C4<00000>, C4<0>, C4<0>, C4<0>;
v0000022fd4e7cc80_0 .net/2u *"_ivl_76", 4 0, L_0000022fd4e93af0;  1 drivers
v0000022fd4e7c320_0 .net *"_ivl_760", 0 0, L_0000022fd4ef7410;  1 drivers
v0000022fd4e7c140_0 .net *"_ivl_762", 0 0, L_0000022fd4ef1140;  1 drivers
v0000022fd4e7d360_0 .net *"_ivl_764", 0 0, L_0000022fd4ef0810;  1 drivers
v0000022fd4e7d7c0_0 .net *"_ivl_766", 31 0, L_0000022fd4ef0960;  1 drivers
L_0000022fd4e94c60 .functor BUFT 1, C4<00000000000000000000000000000000>, C4<0>, C4<0>, C4<0>;
v0000022fd4e7c640_0 .net/2u *"_ivl_768", 31 0, L_0000022fd4e94c60;  1 drivers
v0000022fd4e7d4a0_0 .net *"_ivl_770", 31 0, L_0000022fd4ef8e50;  1 drivers
v0000022fd4e7c5a0_0 .net *"_ivl_772", 31 0, L_0000022fd4eefe70;  1 drivers
v0000022fd4e7d5e0_0 .net *"_ivl_774", 31 0, L_0000022fd4ef7e10;  1 drivers
L_0000022fd4e94ca8 .functor BUFT 1, C4<00000000000000000000000000000>, C4<0>, C4<0>, C4<0>;
v0000022fd4e7de00_0 .net *"_ivl_777", 28 0, L_0000022fd4e94ca8;  1 drivers
L_0000022fd4e94cf0 .functor BUFT 1, C4<00000000000000000000000000000001>, C4<0>, C4<0>, C4<0>;
v0000022fd4e7c3c0_0 .net/2u *"_ivl_778", 31 0, L_0000022fd4e94cf0;  1 drivers
v0000022fd4e7c6e0_0 .net *"_ivl_780", 0 0, L_0000022fd4ef93f0;  1 drivers
v0000022fd4e7dea0_0 .net *"_ivl_782", 31 0, L_0000022fd4ef8bd0;  1 drivers
L_0000022fd4e94d38 .functor BUFT 1, C4<00000000000000000000000000000>, C4<0>, C4<0>, C4<0>;
v0000022fd4e7d720_0 .net *"_ivl_785", 28 0, L_0000022fd4e94d38;  1 drivers
L_0000022fd4e94d80 .functor BUFT 1, C4<00000000000000000000000000000101>, C4<0>, C4<0>, C4<0>;
v0000022fd4e7d0e0_0 .net/2u *"_ivl_786", 31 0, L_0000022fd4e94d80;  1 drivers
v0000022fd4e7d180_0 .net *"_ivl_788", 0 0, L_0000022fd4ef77d0;  1 drivers
v0000022fd4e7d540_0 .net *"_ivl_790", 0 0, L_0000022fd4ef0570;  1 drivers
v0000022fd4e7bba0_0 .net *"_ivl_792", 0 0, L_0000022fd4ef0d50;  1 drivers
v0000022fd4e7cfa0_0 .net *"_ivl_794", 0 0, L_0000022fd4ef09d0;  1 drivers
L_0000022fd4e94dc8 .functor BUFT 1, C4<00000000000000000000000000000000>, C4<0>, C4<0>, C4<0>;
v0000022fd4e7cf00_0 .net/2u *"_ivl_796", 31 0, L_0000022fd4e94dc8;  1 drivers
v0000022fd4e7bc40_0 .net *"_ivl_798", 31 0, L_0000022fd4ef8450;  1 drivers
v0000022fd4e7d220_0 .net *"_ivl_804", 0 0, L_0000022fd4ef0a40;  1 drivers
v0000022fd4e7d860_0 .net *"_ivl_806", 0 0, L_0000022fd4ef0b20;  1 drivers
L_0000022fd4e94e10 .functor BUFT 1, C4<00>, C4<0>, C4<0>, C4<0>;
v0000022fd4e7be20_0 .net/2u *"_ivl_808", 1 0, L_0000022fd4e94e10;  1 drivers
v0000022fd4e7bec0_0 .net *"_ivl_81", 4 0, L_0000022fd4e8c800;  1 drivers
v0000022fd4e7c500_0 .net *"_ivl_810", 0 0, L_0000022fd4ef1290;  1 drivers
v0000022fd4e7c780_0 .net *"_ivl_817", 1 0, L_0000022fd4ef7870;  1 drivers
L_0000022fd4e94e58 .functor BUFT 1, C4<00>, C4<0>, C4<0>, C4<0>;
v0000022fd4e7d040_0 .net/2u *"_ivl_818", 1 0, L_0000022fd4e94e58;  1 drivers
L_0000022fd4e93b38 .functor BUFT 1, C4<00000>, C4<0>, C4<0>, C4<0>;
v0000022fd4e7bd80_0 .net/2u *"_ivl_82", 4 0, L_0000022fd4e93b38;  1 drivers
v0000022fd4e7c000_0 .net *"_ivl_823", 1 0, L_0000022fd4ef74b0;  1 drivers
L_0000022fd4e94ea0 .functor BUFT 1, C4<01>, C4<0>, C4<0>, C4<0>;
v0000022fd4e7dae0_0 .net/2u *"_ivl_824", 1 0, L_0000022fd4e94ea0;  1 drivers
v0000022fd4e7d9a0_0 .net *"_ivl_828", 31 0, L_0000022fd4ef8090;  1 drivers
v0000022fd4e7c1e0_0 .net *"_ivl_832", 0 0, L_0000022fd4eefbd0;  1 drivers
v0000022fd4e7c8c0_0 .net *"_ivl_835", 29 0, L_0000022fd4ef92b0;  1 drivers
v0000022fd4e7d680_0 .net *"_ivl_839", 0 0, L_0000022fd4ef8ef0;  1 drivers
v0000022fd4e7d2c0_0 .net *"_ivl_841", 0 0, L_0000022fd4ef7190;  1 drivers
v0000022fd4e7c960_0 .net *"_ivl_843", 0 0, L_0000022fd4ef81d0;  1 drivers
v0000022fd4e7b7e0_0 .net *"_ivl_845", 0 0, L_0000022fd4ef95d0;  1 drivers
v0000022fd4e7caa0_0 .net *"_ivl_846", 0 0, L_0000022fd4ef8f90;  1 drivers
v0000022fd4e7cd20_0 .net *"_ivl_850", 23 0, L_0000022fd4ef7230;  1 drivers
v0000022fd4e7ba60_0 .net *"_ivl_852", 31 0, L_0000022fd4ef9030;  1 drivers
v0000022fd4e7b880_0 .net *"_ivl_854", 15 0, L_0000022fd4ef72d0;  1 drivers
v0000022fd4e7db80_0 .net *"_ivl_856", 31 0, L_0000022fd4ef97b0;  1 drivers
v0000022fd4e7dcc0_0 .net *"_ivl_858", 31 0, L_0000022fd4ef7b90;  1 drivers
L_0000022fd4e93b80 .functor BUFT 1, C4<0110011>, C4<0>, C4<0>, C4<0>;
v0000022fd4e7cdc0_0 .net/2u *"_ivl_86", 6 0, L_0000022fd4e93b80;  1 drivers
v0000022fd4e7bf60_0 .net *"_ivl_863", 0 0, L_0000022fd4ef9530;  1 drivers
v0000022fd4e7dd60_0 .net *"_ivl_865", 15 0, L_0000022fd4ef8770;  1 drivers
v0000022fd4e7cb40_0 .net *"_ivl_867", 15 0, L_0000022fd4ef90d0;  1 drivers
v0000022fd4e7b920_0 .net *"_ivl_871", 0 0, L_0000022fd4ef9170;  1 drivers
v0000022fd4e7bb00_0 .net *"_ivl_873", 7 0, L_0000022fd4ef75f0;  1 drivers
v0000022fd4e7bce0_0 .net *"_ivl_875", 7 0, L_0000022fd4ef9670;  1 drivers
v0000022fd4e7c0a0_0 .net *"_ivl_88", 0 0, L_0000022fd4e8cda0;  1 drivers
v0000022fd4e89ba0_0 .net *"_ivl_881", 7 0, L_0000022fd4ef9850;  1 drivers
v0000022fd4e88d40_0 .net *"_ivl_885", 0 0, L_0000022fd4ef70f0;  1 drivers
v0000022fd4e89b00_0 .net *"_ivl_887", 7 0, L_0000022fd4ef7370;  1 drivers
v0000022fd4e89920_0 .net *"_ivl_889", 7 0, L_0000022fd4ef9fd0;  1 drivers
v0000022fd4e88de0_0 .net *"_ivl_890", 7 0, L_0000022fd4ef9a30;  1 drivers
v0000022fd4e88fc0_0 .net *"_ivl_895", 0 0, L_0000022fd4ef9b70;  1 drivers
v0000022fd4e87b20_0 .net *"_ivl_897", 7 0, L_0000022fd4ef9c10;  1 drivers
v0000022fd4e89d80_0 .net *"_ivl_899", 7 0, L_0000022fd4ef9990;  1 drivers
v0000022fd4e88a20_0 .net *"_ivl_900", 7 0, L_0000022fd4ef9ad0;  1 drivers
v0000022fd4e89c40_0 .net *"_ivl_906", 0 0, L_0000022fd4ef9f30;  1 drivers
v0000022fd4e88c00_0 .net *"_ivl_908", 7 0, L_0000022fd4ef9d50;  1 drivers
v0000022fd4e88ac0_0 .net *"_ivl_910", 0 0, L_0000022fd4ef9df0;  1 drivers
v0000022fd4e88480_0 .net *"_ivl_912", 7 0, L_0000022fd4ef9e90;  1 drivers
v0000022fd4e88e80_0 .net *"_ivl_914", 7 0, L_0000022fd4ef98f0;  1 drivers
v0000022fd4e89ce0_0 .net *"_ivl_915", 7 0, L_0000022fd4f088e0;  1 drivers
v0000022fd4e899c0_0 .net *"_ivl_917", 7 0, L_0000022fd4f06cc0;  1 drivers
L_0000022fd4e93bc8 .functor BUFT 1, C4<0010011>, C4<0>, C4<0>, C4<0>;
v0000022fd4e882a0_0 .net/2u *"_ivl_92", 6 0, L_0000022fd4e93bc8;  1 drivers
v0000022fd4e89420_0 .net *"_ivl_920", 0 0, L_0000022fd4f06900;  1 drivers
v0000022fd4e89a60_0 .net *"_ivl_922", 0 0, L_0000022fd4f069a0;  1 drivers
L_0000022fd4e94ee8 .functor BUFT 1, C4<1000>, C4<0>, C4<0>, C4<0>;
v0000022fd4e89f60_0 .net/2u *"_ivl_923", 3 0, L_0000022fd4e94ee8;  1 drivers
L_0000022fd4e94f30 .functor BUFT 1, C4<0100>, C4<0>, C4<0>, C4<0>;
v0000022fd4e88ca0_0 .net/2u *"_ivl_925", 3 0, L_0000022fd4e94f30;  1 drivers
v0000022fd4e88340_0 .net *"_ivl_927", 3 0, L_0000022fd4f06360;  1 drivers
v0000022fd4e88200_0 .net *"_ivl_930", 0 0, L_0000022fd4f06d60;  1 drivers
L_0000022fd4e94f78 .functor BUFT 1, C4<0010>, C4<0>, C4<0>, C4<0>;
v0000022fd4e88520_0 .net/2u *"_ivl_931", 3 0, L_0000022fd4e94f78;  1 drivers
L_0000022fd4e94fc0 .functor BUFT 1, C4<0001>, C4<0>, C4<0>, C4<0>;
v0000022fd4e88f20_0 .net/2u *"_ivl_933", 3 0, L_0000022fd4e94fc0;  1 drivers
v0000022fd4e894c0_0 .net *"_ivl_935", 3 0, L_0000022fd4f07ee0;  1 drivers
v0000022fd4e885c0_0 .net *"_ivl_937", 3 0, L_0000022fd4f071c0;  1 drivers
v0000022fd4e89060_0 .net *"_ivl_94", 0 0, L_0000022fd4e8cee0;  1 drivers
v0000022fd4e87e40_0 .net *"_ivl_940", 0 0, L_0000022fd4f08980;  1 drivers
L_0000022fd4e95008 .functor BUFT 1, C4<1100>, C4<0>, C4<0>, C4<0>;
v0000022fd4e88660_0 .net/2u *"_ivl_941", 3 0, L_0000022fd4e95008;  1 drivers
L_0000022fd4e95050 .functor BUFT 1, C4<0011>, C4<0>, C4<0>, C4<0>;
v0000022fd4e88700_0 .net/2u *"_ivl_943", 3 0, L_0000022fd4e95050;  1 drivers
v0000022fd4e89240_0 .net *"_ivl_945", 3 0, L_0000022fd4f07f80;  1 drivers
L_0000022fd4e95098 .functor BUFT 1, C4<1111>, C4<0>, C4<0>, C4<0>;
v0000022fd4e89e20_0 .net/2u *"_ivl_947", 3 0, L_0000022fd4e95098;  1 drivers
v0000022fd4e88b60_0 .net *"_ivl_949", 3 0, L_0000022fd4f07e40;  1 drivers
v0000022fd4e87c60_0 .net *"_ivl_951", 3 0, L_0000022fd4f083e0;  1 drivers
L_0000022fd4e950e0 .functor BUFT 1, C4<0000>, C4<0>, C4<0>, C4<0>;
v0000022fd4e883e0_0 .net/2u *"_ivl_953", 3 0, L_0000022fd4e950e0;  1 drivers
v0000022fd4e87ee0_0 .net *"_ivl_957", 0 0, L_0000022fd4ef1370;  1 drivers
v0000022fd4e89ec0_0 .net *"_ivl_959", 0 0, L_0000022fd4ef0dc0;  1 drivers
v0000022fd4e878a0_0 .net *"_ivl_961", 0 0, L_0000022fd4eefd20;  1 drivers
L_0000022fd4e95128 .functor BUFT 1, C4<00000000000000000000000000000000>, C4<0>, C4<0>, C4<0>;
v0000022fd4e887a0_0 .net/2u *"_ivl_963", 31 0, L_0000022fd4e95128;  1 drivers
v0000022fd4e87d00_0 .net *"_ivl_965", 31 0, L_0000022fd4f08200;  1 drivers
L_0000022fd4e95170 .functor BUFT 1, C4<00000000000000000000000000000000>, C4<0>, C4<0>, C4<0>;
v0000022fd4e87800_0 .net/2u *"_ivl_967", 31 0, L_0000022fd4e95170;  1 drivers
v0000022fd4e87940_0 .net *"_ivl_969", 31 0, L_0000022fd4f067c0;  1 drivers
v0000022fd4e879e0_0 .net *"_ivl_971", 31 0, L_0000022fd4eefaf0;  1 drivers
v0000022fd4e87a80_0 .net *"_ivl_973", 0 0, L_0000022fd4ef13e0;  1 drivers
L_0000022fd4e951b8 .functor BUFT 1, C4<00>, C4<0>, C4<0>, C4<0>;
v0000022fd4e89600_0 .net/2u *"_ivl_975", 1 0, L_0000022fd4e951b8;  1 drivers
v0000022fd4e87bc0_0 .net *"_ivl_977", 31 0, L_0000022fd4f065e0;  1 drivers
L_0000022fd4e95200 .functor BUFT 1, C4<00000000000000000000000000000000>, C4<0>, C4<0>, C4<0>;
v0000022fd4e87da0_0 .net/2u *"_ivl_979", 31 0, L_0000022fd4e95200;  1 drivers
L_0000022fd4e93c10 .functor BUFT 1, C4<0000011>, C4<0>, C4<0>, C4<0>;
v0000022fd4e89100_0 .net/2u *"_ivl_98", 6 0, L_0000022fd4e93c10;  1 drivers
v0000022fd4e88840_0 .net *"_ivl_981", 31 0, L_0000022fd4f06400;  1 drivers
v0000022fd4e891a0_0 .net *"_ivl_983", 31 0, L_0000022fd4eef850;  1 drivers
L_0000022fd4e95248 .functor BUFT 1, C4<00>, C4<0>, C4<0>, C4<0>;
v0000022fd4e87f80_0 .net/2u *"_ivl_985", 1 0, L_0000022fd4e95248;  1 drivers
v0000022fd4e888e0_0 .net *"_ivl_987", 31 0, L_0000022fd4f07800;  1 drivers
L_0000022fd4e95290 .functor BUFT 1, C4<00000000000000000000000000000000>, C4<0>, C4<0>, C4<0>;
v0000022fd4e88020_0 .net/2u *"_ivl_989", 31 0, L_0000022fd4e95290;  1 drivers
v0000022fd4e88980_0 .net *"_ivl_991", 31 0, L_0000022fd4f08a20;  1 drivers
v0000022fd4e880c0_0 .net *"_ivl_997", 0 0, L_0000022fd4eef930;  1 drivers
v0000022fd4e88160_0 .net "addr", 31 2, L_0000022fd4ef7af0;  1 drivers
v0000022fd4e892e0_0 .net "aluAdder", 32 0, L_0000022fd4ef38b0;  1 drivers
v0000022fd4e89380_0 .net "aluIn1", 31 0, L_0000022fd4ef24b0;  1 drivers
v0000022fd4e89560_0 .net "aluIn2", 31 0, L_0000022fd4eefcb0;  1 drivers
v0000022fd4e896a0_0 .net "aluOut", 31 0, L_0000022fd4eefb60;  1 drivers
v0000022fd4e89740_0 .net "aluOut_tmp", 31 0, L_0000022fd4ef1300;  1 drivers
v0000022fd4e897e0_0 .net "brk", 0 0, o0000022fd4e1ffb8;  0 drivers
v0000022fd4e89880_0 .net "brktrap", 0 0, L_0000022fd4f13fe0;  1 drivers
o0000022fd4e20018 .functor BUFZ 1, C4<z>; HiZ drive
v0000022fd4e8c580_0 .net "clk", 0 0, o0000022fd4e20018;  0 drivers
v0000022fd4e8b360_0 .net "clken", 0 0, L_0000022fd4e0a550;  1 drivers
v0000022fd4e8c440_0 .net "csrrw_mepc", 0 0, L_0000022fd4e7b390;  1 drivers
v0000022fd4e8a140_0 .net "dbusy", 0 0, o0000022fd4e200a8;  0 drivers
v0000022fd4e8c080_0 .net "ebreak", 0 0, L_0000022fd4e7b320;  1 drivers
v0000022fd4e8aaa0_0 .net "ecall", 0 0, L_0000022fd4e7b6a0;  1 drivers
v0000022fd4e8adc0_0 .net "fetch", 0 0, L_0000022fd4e7af30;  1 drivers
v0000022fd4e8b400_0 .net "funct3", 2 0, L_0000022fd4e8eba0;  1 drivers
v0000022fd4e8c3a0_0 .net "funct7", 6 0, L_0000022fd4e8e6a0;  1 drivers
v0000022fd4e8bcc0_0 .var/i "i", 31 0;
v0000022fd4e8c4e0_0 .net "ireti", 0 0, L_0000022fd4ef0ea0;  1 drivers
v0000022fd4e8ab40_0 .net "irq", 0 0, o0000022fd4e20228;  0 drivers
v0000022fd4e8a960_0 .net "irqack", 0 0, L_0000022fd4ef1450;  1 drivers
v0000022fd4e8bae0_0 .net "irqstart", 0 0, L_0000022fd4ef1680;  1 drivers
v0000022fd4e8ac80_0 .net "issub", 0 0, L_0000022fd4ef0030;  1 drivers
o0000022fd4e202e8 .functor BUFZ 30, C4<zzzzzzzzzzzzzzzzzzzzzzzzzzzzzz>; HiZ drive
v0000022fd4e8bfe0_0 .net "ivector", 31 2, o0000022fd4e202e8;  0 drivers
v0000022fd4e8ae60_0 .net "jump", 0 0, L_0000022fd4e7b630;  1 drivers
v0000022fd4e8b5e0_0 .net "ldstaddr", 31 0, L_0000022fd4ef7550;  1 drivers
v0000022fd4e8a500_0 .net "left_sh", 0 0, L_0000022fd4ef00a0;  1 drivers
v0000022fd4e8b7c0_0 .net "mbusy", 0 0, o0000022fd4e203a8;  0 drivers
v0000022fd4e8a640_0 .net "mem_byteAccess", 0 0, L_0000022fd4ef7910;  1 drivers
v0000022fd4e8bb80_0 .net "mem_halfwordAccess", 0 0, L_0000022fd4ef9490;  1 drivers
v0000022fd4e8bc20_0 .var "mmode", 0 0;
v0000022fd4e8ad20_0 .net "mret", 0 0, L_0000022fd4e7b160;  1 drivers
v0000022fd4e8a8c0_0 .var "obrk", 0 0;
v0000022fd4e8b040_0 .var "ommode", 0 0;
v0000022fd4e8c260_0 .net "opauipc", 0 0, L_0000022fd4e7ac90;  1 drivers
v0000022fd4e8bea0_0 .net "opbranch", 0 0, L_0000022fd4e09d70;  1 drivers
v0000022fd4e8a000_0 .net "opcode", 6 0, L_0000022fd4e8ef60;  1 drivers
v0000022fd4e8c300_0 .net "opdiv", 0 0, L_0000022fd4e7a9f0;  1 drivers
v0000022fd4e8c620_0 .net "opimm", 0 0, L_0000022fd4e09a60;  1 drivers
v0000022fd4e8bd60_0 .net "opjal", 0 0, L_0000022fd4e09de0;  1 drivers
v0000022fd4e8a6e0_0 .net "opjalr", 0 0, L_0000022fd4e7ac20;  1 drivers
v0000022fd4e8a780_0 .net "opload", 0 0, L_0000022fd4e09c90;  1 drivers
v0000022fd4e8a820_0 .net "oplui", 0 0, L_0000022fd4e7a910;  1 drivers
v0000022fd4e8a0a0_0 .net "opmul", 0 0, L_0000022fd4e7ade0;  1 drivers
v0000022fd4e8abe0_0 .net "opreg", 0 0, L_0000022fd4e099f0;  1 drivers
v0000022fd4e8c6c0_0 .net "opstore", 0 0, L_0000022fd4e0a240;  1 drivers
v0000022fd4e8be00_0 .net "opsystem", 0 0, L_0000022fd4e7aec0;  1 drivers
v0000022fd4e8c760_0 .var "opvalid", 0 0;
v0000022fd4e8ba40_0 .net "predicate", 0 0, L_0000022fd4ef7d70;  1 drivers
v0000022fd4e8bf40_0 .net "prlist", 7 0, L_0000022fd4ef8810;  1 drivers
v0000022fd4e8a1e0_0 .var "q0", 0 0;
v0000022fd4e8aa00_0 .net "rd", 4 0, L_0000022fd4e8e600;  1 drivers
o0000022fd4e20858 .functor BUFZ 32, C4<zzzzzzzzzzzzzzzzzzzzzzzzzzzzzzzz>; HiZ drive
v0000022fd4e8c120_0 .net "rdata", 31 0, o0000022fd4e20858;  0 drivers
v0000022fd4e8a280 .array "regs", 15 1, 31 0;
v0000022fd4e8b2c0_0 .net "regsD", 31 0, L_0000022fd4ef0e30;  1 drivers
v0000022fd4e8a460_0 .net "regsQ1", 31 0, L_0000022fd4e8e560;  1 drivers
v0000022fd4e8a320_0 .net "regsQ2", 31 0, L_0000022fd4e8eec0;  1 drivers
v0000022fd4e8c1c0_0 .net "regswr", 0 0, L_0000022fd4e7b080;  1 drivers
o0000022fd4e20948 .functor BUFZ 1, C4<z>; HiZ drive
v0000022fd4e8af00_0 .net "reset", 0 0, o0000022fd4e20948;  0 drivers
v0000022fd4e8b220_0 .net "rs1", 4 0, L_0000022fd4e8cd00;  1 drivers
v0000022fd4e8afa0_0 .net "rs2", 4 0, L_0000022fd4e8d700;  1 drivers
v0000022fd4e8a3c0_0 .net "seladd", 0 0, L_0000022fd4ef0ab0;  1 drivers
v0000022fd4e8a5a0_0 .net "sh_in", 31 0, L_0000022fd4ef4f30;  1 drivers
v0000022fd4e8b900_0 .net "sh_out", 31 0, L_0000022fd4ef8950;  1 drivers
v0000022fd4e8b0e0_0 .net "sh_t1", 31 0, L_0000022fd4ef5570;  1 drivers
v0000022fd4e8b180_0 .net "sh_t2", 31 0, L_0000022fd4ef5430;  1 drivers
v0000022fd4e8b4a0_0 .net "sh_t3", 31 0, L_0000022fd4ef66f0;  1 drivers
v0000022fd4e8b540_0 .net "sh_t4", 31 0, L_0000022fd4ef5110;  1 drivers
v0000022fd4e8b9a0_0 .net "sh_t5", 31 0, L_0000022fd4ef68d0;  1 drivers
v0000022fd4e8b680_0 .net "signed_sh", 0 0, L_0000022fd4ef11b0;  1 drivers
v0000022fd4e8b720_0 .net "trap", 0 0, L_0000022fd4ef16f0;  1 drivers
v0000022fd4e8b860_0 .net "usermode", 0 0, L_0000022fd4ef1530;  1 drivers
v0000022fd4e8e060_0 .net "vma", 0 0, L_0000022fd4e09fa0;  1 drivers
v0000022fd4e8cb20_0 .net "wai", 0 0, o0000022fd4e20c18;  0 drivers
v0000022fd4e8ea60_0 .net "wdata", 31 0, L_0000022fd4ef9cb0;  1 drivers
v0000022fd4e8e920_0 .net "wstrb", 3 0, L_0000022fd4f08480;  1 drivers
E_0000022fd4ddccf0 .event posedge, v0000022fd4e8c580_0;
E_0000022fd4ddd530 .event posedge, v0000022fd4e8af00_0, v0000022fd4e8c580_0;
L_0000022fd4e8d2a0 .part L_0000022fd4e8cd00, 0, 4;
L_0000022fd4e8ce40 .concat [ 4 28 0 0], L_0000022fd4e8d2a0, L_0000022fd4e937d8;
L_0000022fd4e8ee20 .cmp/ne 32, L_0000022fd4e8ce40, L_0000022fd4e93820;
L_0000022fd4e8cc60 .array/port v0000022fd4e8a280, L_0000022fd4e8cbc0;
L_0000022fd4e8e1a0 .part L_0000022fd4e8cd00, 0, 4;
L_0000022fd4e8d160 .concat [ 4 2 0 0], L_0000022fd4e8e1a0, L_0000022fd4e93868;
L_0000022fd4e8cbc0 .arith/sub 6, L_0000022fd4e8d160, L_0000022fd4e938b0;
L_0000022fd4e8e560 .functor MUXZ 32, L_0000022fd4e938f8, L_0000022fd4e8cc60, L_0000022fd4e8ee20, C4<>;
L_0000022fd4e8d340 .part L_0000022fd4e8d700, 0, 4;
L_0000022fd4e8eb00 .concat [ 4 28 0 0], L_0000022fd4e8d340, L_0000022fd4e93940;
L_0000022fd4e8e100 .cmp/ne 32, L_0000022fd4e8eb00, L_0000022fd4e93988;
L_0000022fd4e8dde0 .array/port v0000022fd4e8a280, L_0000022fd4e8ece0;
L_0000022fd4e8ed80 .part L_0000022fd4e8d700, 0, 4;
L_0000022fd4e8d520 .concat [ 4 2 0 0], L_0000022fd4e8ed80, L_0000022fd4e939d0;
L_0000022fd4e8ece0 .arith/sub 6, L_0000022fd4e8d520, L_0000022fd4e93a18;
L_0000022fd4e8eec0 .functor MUXZ 32, L_0000022fd4e93a60, L_0000022fd4e8dde0, L_0000022fd4e8e100, C4<>;
L_0000022fd4e8ef60 .part v0000022fd4e0def0_0, 0, 7;
L_0000022fd4e8eba0 .part v0000022fd4e0def0_0, 12, 3;
L_0000022fd4e8e6a0 .part v0000022fd4e0def0_0, 25, 7;
L_0000022fd4e8ec40 .part v0000022fd4e0def0_0, 7, 5;
L_0000022fd4e8e600 .functor MUXZ 5, L_0000022fd4e93aa8, L_0000022fd4e8ec40, v0000022fd4e8c760_0, C4<>;
L_0000022fd4e8dc00 .part v0000022fd4e0def0_0, 15, 5;
L_0000022fd4e8cd00 .functor MUXZ 5, L_0000022fd4e93af0, L_0000022fd4e8dc00, v0000022fd4e8c760_0, C4<>;
L_0000022fd4e8c800 .part v0000022fd4e0def0_0, 20, 5;
L_0000022fd4e8d700 .functor MUXZ 5, L_0000022fd4e93b38, L_0000022fd4e8c800, v0000022fd4e8c760_0, C4<>;
L_0000022fd4e8cda0 .cmp/eq 7, L_0000022fd4e8ef60, L_0000022fd4e93b80;
L_0000022fd4e8cee0 .cmp/eq 7, L_0000022fd4e8ef60, L_0000022fd4e93bc8;
L_0000022fd4e8c8a0 .cmp/eq 7, L_0000022fd4e8ef60, L_0000022fd4e93c10;
L_0000022fd4e8c940 .cmp/eq 7, L_0000022fd4e8ef60, L_0000022fd4e93c58;
L_0000022fd4e8df20 .cmp/eq 7, L_0000022fd4e8ef60, L_0000022fd4e93ca0;
L_0000022fd4e8c9e0 .cmp/eq 7, L_0000022fd4e8ef60, L_0000022fd4e93ce8;
L_0000022fd4e8d200 .cmp/eq 7, L_0000022fd4e8ef60, L_0000022fd4e93d30;
L_0000022fd4e8cf80 .cmp/eq 7, L_0000022fd4e8ef60, L_0000022fd4e93d78;
L_0000022fd4e8d480 .cmp/eq 7, L_0000022fd4e8ef60, L_0000022fd4e93dc0;
L_0000022fd4e8ca80 .cmp/eq 7, L_0000022fd4e8ef60, L_0000022fd4e93e08;
L_0000022fd4e8e420 .cmp/eq 7, L_0000022fd4e8e6a0, L_0000022fd4e93e50;
L_0000022fd4e8e380 .part L_0000022fd4e8eba0, 2, 1;
L_0000022fd4e8d660 .cmp/eq 7, L_0000022fd4e8e6a0, L_0000022fd4e93e98;
L_0000022fd4e8d0c0 .part L_0000022fd4e8eba0, 2, 1;
L_0000022fd4e8d3e0 .cmp/eq 3, L_0000022fd4e8eba0, L_0000022fd4e93ee0;
L_0000022fd4e8d020 .part v0000022fd4e0def0_0, 21, 1;
L_0000022fd4e8de80 .cmp/eq 3, L_0000022fd4e8eba0, L_0000022fd4e93f28;
L_0000022fd4e8d5c0 .part v0000022fd4e0def0_0, 20, 2;
L_0000022fd4e8e4c0 .cmp/eq 2, L_0000022fd4e8d5c0, L_0000022fd4e93f70;
L_0000022fd4e8e9c0 .cmp/eq 3, L_0000022fd4e8eba0, L_0000022fd4e93fb8;
L_0000022fd4e8da20 .part v0000022fd4e0def0_0, 20, 2;
L_0000022fd4e8d7a0 .cmp/eq 2, L_0000022fd4e8da20, L_0000022fd4e94000;
L_0000022fd4e8d840 .cmp/eq 3, L_0000022fd4e8eba0, L_0000022fd4e94048;
L_0000022fd4e8dca0 .part v0000022fd4e0def0_0, 20, 12;
L_0000022fd4e8d8e0 .cmp/eq 12, L_0000022fd4e8dca0, L_0000022fd4e94090;
L_0000022fd4e8d980 .part v0000022fd4e0def0_0, 31, 1;
L_0000022fd4e8dac0 .part v0000022fd4e0def0_0, 12, 19;
L_0000022fd4e8db60 .concat [ 12 19 1 0], L_0000022fd4e940d8, L_0000022fd4e8dac0, L_0000022fd4e8d980;
L_0000022fd4e8dd40 .part v0000022fd4e0def0_0, 31, 1;
LS_0000022fd4e8dfc0_0_0 .concat [ 1 1 1 1], L_0000022fd4e8dd40, L_0000022fd4e8dd40, L_0000022fd4e8dd40, L_0000022fd4e8dd40;
LS_0000022fd4e8dfc0_0_4 .concat [ 1 1 1 1], L_0000022fd4e8dd40, L_0000022fd4e8dd40, L_0000022fd4e8dd40, L_0000022fd4e8dd40;
LS_0000022fd4e8dfc0_0_8 .concat [ 1 1 1 1], L_0000022fd4e8dd40, L_0000022fd4e8dd40, L_0000022fd4e8dd40, L_0000022fd4e8dd40;
LS_0000022fd4e8dfc0_0_12 .concat [ 1 1 1 1], L_0000022fd4e8dd40, L_0000022fd4e8dd40, L_0000022fd4e8dd40, L_0000022fd4e8dd40;
LS_0000022fd4e8dfc0_0_16 .concat [ 1 1 1 1], L_0000022fd4e8dd40, L_0000022fd4e8dd40, L_0000022fd4e8dd40, L_0000022fd4e8dd40;
LS_0000022fd4e8dfc0_0_20 .concat [ 1 0 0 0], L_0000022fd4e8dd40;
LS_0000022fd4e8dfc0_1_0 .concat [ 4 4 4 4], LS_0000022fd4e8dfc0_0_0, LS_0000022fd4e8dfc0_0_4, LS_0000022fd4e8dfc0_0_8, LS_0000022fd4e8dfc0_0_12;
LS_0000022fd4e8dfc0_1_4 .concat [ 4 1 0 0], LS_0000022fd4e8dfc0_0_16, LS_0000022fd4e8dfc0_0_20;
L_0000022fd4e8dfc0 .concat [ 16 5 0 0], LS_0000022fd4e8dfc0_1_0, LS_0000022fd4e8dfc0_1_4;
L_0000022fd4e8e240 .part v0000022fd4e0def0_0, 20, 11;
L_0000022fd4e8e2e0 .concat [ 11 21 0 0], L_0000022fd4e8e240, L_0000022fd4e8dfc0;
L_0000022fd4e8e740 .part v0000022fd4e0def0_0, 31, 1;
LS_0000022fd4e8e7e0_0_0 .concat [ 1 1 1 1], L_0000022fd4e8e740, L_0000022fd4e8e740, L_0000022fd4e8e740, L_0000022fd4e8e740;
LS_0000022fd4e8e7e0_0_4 .concat [ 1 1 1 1], L_0000022fd4e8e740, L_0000022fd4e8e740, L_0000022fd4e8e740, L_0000022fd4e8e740;
LS_0000022fd4e8e7e0_0_8 .concat [ 1 1 1 1], L_0000022fd4e8e740, L_0000022fd4e8e740, L_0000022fd4e8e740, L_0000022fd4e8e740;
LS_0000022fd4e8e7e0_0_12 .concat [ 1 1 1 1], L_0000022fd4e8e740, L_0000022fd4e8e740, L_0000022fd4e8e740, L_0000022fd4e8e740;
LS_0000022fd4e8e7e0_0_16 .concat [ 1 1 1 1], L_0000022fd4e8e740, L_0000022fd4e8e740, L_0000022fd4e8e740, L_0000022fd4e8e740;
LS_0000022fd4e8e7e0_0_20 .concat [ 1 0 0 0], L_0000022fd4e8e740;
LS_0000022fd4e8e7e0_1_0 .concat [ 4 4 4 4], LS_0000022fd4e8e7e0_0_0, LS_0000022fd4e8e7e0_0_4, LS_0000022fd4e8e7e0_0_8, LS_0000022fd4e8e7e0_0_12;
LS_0000022fd4e8e7e0_1_4 .concat [ 4 1 0 0], LS_0000022fd4e8e7e0_0_16, LS_0000022fd4e8e7e0_0_20;
L_0000022fd4e8e7e0 .concat [ 16 5 0 0], LS_0000022fd4e8e7e0_1_0, LS_0000022fd4e8e7e0_1_4;
L_0000022fd4e8e880 .part v0000022fd4e0def0_0, 25, 6;
L_0000022fd4e8f460 .part v0000022fd4e0def0_0, 7, 5;
L_0000022fd4e8f320 .concat [ 5 6 21 0], L_0000022fd4e8f460, L_0000022fd4e8e880, L_0000022fd4e8e7e0;
L_0000022fd4e8f3c0 .part v0000022fd4e0def0_0, 31, 1;
LS_0000022fd4e8f0a0_0_0 .concat [ 1 1 1 1], L_0000022fd4e8f3c0, L_0000022fd4e8f3c0, L_0000022fd4e8f3c0, L_0000022fd4e8f3c0;
LS_0000022fd4e8f0a0_0_4 .concat [ 1 1 1 1], L_0000022fd4e8f3c0, L_0000022fd4e8f3c0, L_0000022fd4e8f3c0, L_0000022fd4e8f3c0;
LS_0000022fd4e8f0a0_0_8 .concat [ 1 1 1 1], L_0000022fd4e8f3c0, L_0000022fd4e8f3c0, L_0000022fd4e8f3c0, L_0000022fd4e8f3c0;
LS_0000022fd4e8f0a0_0_12 .concat [ 1 1 1 1], L_0000022fd4e8f3c0, L_0000022fd4e8f3c0, L_0000022fd4e8f3c0, L_0000022fd4e8f3c0;
LS_0000022fd4e8f0a0_0_16 .concat [ 1 1 1 1], L_0000022fd4e8f3c0, L_0000022fd4e8f3c0, L_0000022fd4e8f3c0, L_0000022fd4e8f3c0;
LS_0000022fd4e8f0a0_1_0 .concat [ 4 4 4 4], LS_0000022fd4e8f0a0_0_0, LS_0000022fd4e8f0a0_0_4, LS_0000022fd4e8f0a0_0_8, LS_0000022fd4e8f0a0_0_12;
LS_0000022fd4e8f0a0_1_4 .concat [ 4 0 0 0], LS_0000022fd4e8f0a0_0_16;
L_0000022fd4e8f0a0 .concat [ 16 4 0 0], LS_0000022fd4e8f0a0_1_0, LS_0000022fd4e8f0a0_1_4;
L_0000022fd4e8f500 .part v0000022fd4e0def0_0, 7, 1;
L_0000022fd4e8f640 .part v0000022fd4e0def0_0, 25, 6;
L_0000022fd4e8f5a0 .part v0000022fd4e0def0_0, 8, 4;
LS_0000022fd4e8f6e0_0_0 .concat [ 1 4 6 1], L_0000022fd4e94120, L_0000022fd4e8f5a0, L_0000022fd4e8f640, L_0000022fd4e8f500;
LS_0000022fd4e8f6e0_0_4 .concat [ 20 0 0 0], L_0000022fd4e8f0a0;
L_0000022fd4e8f6e0 .concat [ 12 20 0 0], LS_0000022fd4e8f6e0_0_0, LS_0000022fd4e8f6e0_0_4;
L_0000022fd4e8f000 .part v0000022fd4e0def0_0, 31, 1;
LS_0000022fd4e8f140_0_0 .concat [ 1 1 1 1], L_0000022fd4e8f000, L_0000022fd4e8f000, L_0000022fd4e8f000, L_0000022fd4e8f000;
LS_0000022fd4e8f140_0_4 .concat [ 1 1 1 1], L_0000022fd4e8f000, L_0000022fd4e8f000, L_0000022fd4e8f000, L_0000022fd4e8f000;
LS_0000022fd4e8f140_0_8 .concat [ 1 1 1 1], L_0000022fd4e8f000, L_0000022fd4e8f000, L_0000022fd4e8f000, L_0000022fd4e8f000;
L_0000022fd4e8f140 .concat [ 4 4 4 0], LS_0000022fd4e8f140_0_0, LS_0000022fd4e8f140_0_4, LS_0000022fd4e8f140_0_8;
L_0000022fd4e8f1e0 .part v0000022fd4e0def0_0, 12, 8;
L_0000022fd4e8f280 .part v0000022fd4e0def0_0, 20, 1;
L_0000022fd4ef3b30 .part v0000022fd4e0def0_0, 21, 10;
LS_0000022fd4ef3630_0_0 .concat [ 1 10 1 8], L_0000022fd4e94168, L_0000022fd4ef3b30, L_0000022fd4e8f280, L_0000022fd4e8f1e0;
LS_0000022fd4ef3630_0_4 .concat [ 12 0 0 0], L_0000022fd4e8f140;
L_0000022fd4ef3630 .concat [ 20 12 0 0], LS_0000022fd4ef3630_0_0, LS_0000022fd4ef3630_0_4;
L_0000022fd4ef43f0 .concat [ 2 30 0 0], L_0000022fd4e941f8, v0000022fd4e6d930_0;
L_0000022fd4ef36d0 .functor MUXZ 32, L_0000022fd4e8e560, L_0000022fd4ef43f0, L_0000022fd4e7ac90, C4<>;
L_0000022fd4ef24b0 .functor MUXZ 32, L_0000022fd4ef36d0, L_0000022fd4e941b0, L_0000022fd4e7a910, C4<>;
L_0000022fd4ef2b90 .functor MUXZ 32, L_0000022fd4e94240, L_0000022fd4e8eec0, L_0000022fd4e7a8a0, C4<>;
L_0000022fd4ef4490 .functor MUXZ 32, L_0000022fd4e94288, L_0000022fd4e8e2e0, L_0000022fd4e7b5c0, C4<>;
L_0000022fd4ef2410 .functor MUXZ 32, L_0000022fd4e942d0, L_0000022fd4e8f320, L_0000022fd4e0a240, C4<>;
L_0000022fd4ef42b0 .functor MUXZ 32, L_0000022fd4e94318, L_0000022fd4e8db60, L_0000022fd4ef07a0, C4<>;
L_0000022fd4ef4170 .part L_0000022fd4e8e6a0, 5, 1;
L_0000022fd4ef4210 .concat [ 3 29 0 0], L_0000022fd4e8eba0, L_0000022fd4e94360;
L_0000022fd4ef2910 .cmp/eq 32, L_0000022fd4ef4210, L_0000022fd4e943a8;
L_0000022fd4ef3130 .concat [ 3 29 0 0], L_0000022fd4e8eba0, L_0000022fd4e943f0;
L_0000022fd4ef2d70 .cmp/eq 32, L_0000022fd4ef3130, L_0000022fd4e94438;
L_0000022fd4ef4350 .concat [ 3 29 0 0], L_0000022fd4e8eba0, L_0000022fd4e94480;
L_0000022fd4ef3770 .cmp/eq 32, L_0000022fd4ef4350, L_0000022fd4e944c8;
L_0000022fd4ef4530 .concat [ 3 29 0 0], L_0000022fd4e8eba0, L_0000022fd4e94510;
L_0000022fd4ef2f50 .cmp/eq 32, L_0000022fd4ef4530, L_0000022fd4e94558;
L_0000022fd4ef2af0 .functor MUXZ 32, L_0000022fd4eefcb0, L_0000022fd4ef0c70, L_0000022fd4ef0030, C4<>;
L_0000022fd4ef2230 .concat [ 32 1 0 0], L_0000022fd4ef2af0, L_0000022fd4ef0030;
L_0000022fd4ef4710 .concat [ 32 1 0 0], L_0000022fd4ef24b0, L_0000022fd4e945a0;
L_0000022fd4ef39f0 .arith/sum 33, L_0000022fd4ef2230, L_0000022fd4ef4710;
L_0000022fd4ef3c70 .concat [ 1 32 0 0], L_0000022fd4ef0030, L_0000022fd4e945e8;
L_0000022fd4ef38b0 .arith/sum 33, L_0000022fd4ef39f0, L_0000022fd4ef3c70;
L_0000022fd4ef3950 .part L_0000022fd4ef24b0, 31, 1;
L_0000022fd4ef45d0 .part L_0000022fd4eefcb0, 31, 1;
L_0000022fd4ef2730 .part L_0000022fd4ef24b0, 31, 1;
L_0000022fd4ef27d0 .part L_0000022fd4ef38b0, 32, 1;
L_0000022fd4ef2c30 .functor MUXZ 1, L_0000022fd4ef27d0, L_0000022fd4ef2730, L_0000022fd4ef01f0, C4<>;
L_0000022fd4ef2e10 .part L_0000022fd4ef38b0, 32, 1;
L_0000022fd4ef2eb0 .part L_0000022fd4ef38b0, 0, 32;
L_0000022fd4ef3a90 .cmp/eq 32, L_0000022fd4ef2eb0, L_0000022fd4e94630;
L_0000022fd4ef2cd0 .cmp/eq 3, L_0000022fd4e8eba0, L_0000022fd4e94678;
L_0000022fd4ef3d10 .part L_0000022fd4ef24b0, 0, 1;
L_0000022fd4ef2190 .part L_0000022fd4ef24b0, 1, 1;
L_0000022fd4ef47b0 .part L_0000022fd4ef24b0, 2, 1;
L_0000022fd4ef2870 .part L_0000022fd4ef24b0, 3, 1;
L_0000022fd4ef22d0 .part L_0000022fd4ef24b0, 4, 1;
L_0000022fd4ef4850 .part L_0000022fd4ef24b0, 5, 1;
L_0000022fd4ef29b0 .part L_0000022fd4ef24b0, 6, 1;
L_0000022fd4ef4670 .part L_0000022fd4ef24b0, 7, 1;
L_0000022fd4ef2a50 .part L_0000022fd4ef24b0, 8, 1;
L_0000022fd4ef31d0 .part L_0000022fd4ef24b0, 9, 1;
L_0000022fd4ef3810 .part L_0000022fd4ef24b0, 10, 1;
L_0000022fd4ef3db0 .part L_0000022fd4ef24b0, 11, 1;
L_0000022fd4ef3310 .part L_0000022fd4ef24b0, 12, 1;
L_0000022fd4ef20f0 .part L_0000022fd4ef24b0, 13, 1;
L_0000022fd4ef2370 .part L_0000022fd4ef24b0, 14, 1;
L_0000022fd4ef2550 .part L_0000022fd4ef24b0, 15, 1;
L_0000022fd4ef3e50 .part L_0000022fd4ef24b0, 16, 1;
L_0000022fd4ef3f90 .part L_0000022fd4ef24b0, 17, 1;
L_0000022fd4ef25f0 .part L_0000022fd4ef24b0, 18, 1;
L_0000022fd4ef2690 .part L_0000022fd4ef24b0, 19, 1;
L_0000022fd4ef2ff0 .part L_0000022fd4ef24b0, 20, 1;
L_0000022fd4ef3ef0 .part L_0000022fd4ef24b0, 21, 1;
L_0000022fd4ef3590 .part L_0000022fd4ef24b0, 22, 1;
L_0000022fd4ef3090 .part L_0000022fd4ef24b0, 23, 1;
L_0000022fd4ef3270 .part L_0000022fd4ef24b0, 24, 1;
L_0000022fd4ef34f0 .part L_0000022fd4ef24b0, 25, 1;
L_0000022fd4ef33b0 .part L_0000022fd4ef24b0, 26, 1;
L_0000022fd4ef3450 .part L_0000022fd4ef24b0, 27, 1;
L_0000022fd4ef3bd0 .part L_0000022fd4ef24b0, 28, 1;
L_0000022fd4ef4030 .part L_0000022fd4ef24b0, 29, 1;
L_0000022fd4ef40d0 .part L_0000022fd4ef24b0, 30, 1;
L_0000022fd4ef5e30 .part L_0000022fd4ef24b0, 31, 1;
LS_0000022fd4ef65b0_0_0 .concat [ 1 1 1 1], L_0000022fd4ef5e30, L_0000022fd4ef40d0, L_0000022fd4ef4030, L_0000022fd4ef3bd0;
LS_0000022fd4ef65b0_0_4 .concat [ 1 1 1 1], L_0000022fd4ef3450, L_0000022fd4ef33b0, L_0000022fd4ef34f0, L_0000022fd4ef3270;
LS_0000022fd4ef65b0_0_8 .concat [ 1 1 1 1], L_0000022fd4ef3090, L_0000022fd4ef3590, L_0000022fd4ef3ef0, L_0000022fd4ef2ff0;
LS_0000022fd4ef65b0_0_12 .concat [ 1 1 1 1], L_0000022fd4ef2690, L_0000022fd4ef25f0, L_0000022fd4ef3f90, L_0000022fd4ef3e50;
LS_0000022fd4ef65b0_0_16 .concat [ 1 1 1 1], L_0000022fd4ef2550, L_0000022fd4ef2370, L_0000022fd4ef20f0, L_0000022fd4ef3310;
LS_0000022fd4ef65b0_0_20 .concat [ 1 1 1 1], L_0000022fd4ef3db0, L_0000022fd4ef3810, L_0000022fd4ef31d0, L_0000022fd4ef2a50;
LS_0000022fd4ef65b0_0_24 .concat [ 1 1 1 1], L_0000022fd4ef4670, L_0000022fd4ef29b0, L_0000022fd4ef4850, L_0000022fd4ef22d0;
LS_0000022fd4ef65b0_0_28 .concat [ 1 1 1 1], L_0000022fd4ef2870, L_0000022fd4ef47b0, L_0000022fd4ef2190, L_0000022fd4ef3d10;
LS_0000022fd4ef65b0_1_0 .concat [ 4 4 4 4], LS_0000022fd4ef65b0_0_0, LS_0000022fd4ef65b0_0_4, LS_0000022fd4ef65b0_0_8, LS_0000022fd4ef65b0_0_12;
LS_0000022fd4ef65b0_1_4 .concat [ 4 4 4 4], LS_0000022fd4ef65b0_0_16, LS_0000022fd4ef65b0_0_20, LS_0000022fd4ef65b0_0_24, LS_0000022fd4ef65b0_0_28;
L_0000022fd4ef65b0 .concat [ 16 16 0 0], LS_0000022fd4ef65b0_1_0, LS_0000022fd4ef65b0_1_4;
L_0000022fd4ef4f30 .functor MUXZ 32, L_0000022fd4ef24b0, L_0000022fd4ef65b0, L_0000022fd4ef00a0, C4<>;
L_0000022fd4ef6510 .cmp/eq 3, L_0000022fd4e8eba0, L_0000022fd4e946c0;
L_0000022fd4ef48f0 .part L_0000022fd4e8e6a0, 5, 1;
L_0000022fd4ef60b0 .part L_0000022fd4eefcb0, 4, 1;
L_0000022fd4ef6650 .part L_0000022fd4ef4f30, 31, 1;
LS_0000022fd4ef5ed0_0_0 .concat [ 1 1 1 1], L_0000022fd4ef0110, L_0000022fd4ef0110, L_0000022fd4ef0110, L_0000022fd4ef0110;
LS_0000022fd4ef5ed0_0_4 .concat [ 1 1 1 1], L_0000022fd4ef0110, L_0000022fd4ef0110, L_0000022fd4ef0110, L_0000022fd4ef0110;
LS_0000022fd4ef5ed0_0_8 .concat [ 1 1 1 1], L_0000022fd4ef0110, L_0000022fd4ef0110, L_0000022fd4ef0110, L_0000022fd4ef0110;
LS_0000022fd4ef5ed0_0_12 .concat [ 1 1 1 1], L_0000022fd4ef0110, L_0000022fd4ef0110, L_0000022fd4ef0110, L_0000022fd4ef0110;
L_0000022fd4ef5ed0 .concat [ 4 4 4 4], LS_0000022fd4ef5ed0_0_0, LS_0000022fd4ef5ed0_0_4, LS_0000022fd4ef5ed0_0_8, LS_0000022fd4ef5ed0_0_12;
L_0000022fd4ef6ab0 .part L_0000022fd4ef4f30, 16, 16;
L_0000022fd4ef6b50 .concat [ 16 16 0 0], L_0000022fd4ef6ab0, L_0000022fd4ef5ed0;
L_0000022fd4ef5570 .functor MUXZ 32, L_0000022fd4ef4f30, L_0000022fd4ef6b50, L_0000022fd4ef60b0, C4<>;
L_0000022fd4ef6bf0 .part L_0000022fd4eefcb0, 3, 1;
L_0000022fd4ef6790 .part L_0000022fd4ef5570, 31, 1;
LS_0000022fd4ef6dd0_0_0 .concat [ 1 1 1 1], L_0000022fd4ef0260, L_0000022fd4ef0260, L_0000022fd4ef0260, L_0000022fd4ef0260;
LS_0000022fd4ef6dd0_0_4 .concat [ 1 1 1 1], L_0000022fd4ef0260, L_0000022fd4ef0260, L_0000022fd4ef0260, L_0000022fd4ef0260;
L_0000022fd4ef6dd0 .concat [ 4 4 0 0], LS_0000022fd4ef6dd0_0_0, LS_0000022fd4ef6dd0_0_4;
L_0000022fd4ef4fd0 .part L_0000022fd4ef5570, 8, 24;
L_0000022fd4ef5070 .concat [ 24 8 0 0], L_0000022fd4ef4fd0, L_0000022fd4ef6dd0;
L_0000022fd4ef5430 .functor MUXZ 32, L_0000022fd4ef5570, L_0000022fd4ef5070, L_0000022fd4ef6bf0, C4<>;
L_0000022fd4ef5c50 .part L_0000022fd4eefcb0, 2, 1;
L_0000022fd4ef52f0 .part L_0000022fd4ef5430, 31, 1;
L_0000022fd4ef4a30 .concat [ 1 1 1 1], L_0000022fd4eeff50, L_0000022fd4eeff50, L_0000022fd4eeff50, L_0000022fd4eeff50;
L_0000022fd4ef54d0 .part L_0000022fd4ef5430, 4, 28;
L_0000022fd4ef6830 .concat [ 28 4 0 0], L_0000022fd4ef54d0, L_0000022fd4ef4a30;
L_0000022fd4ef66f0 .functor MUXZ 32, L_0000022fd4ef5430, L_0000022fd4ef6830, L_0000022fd4ef5c50, C4<>;
L_0000022fd4ef5250 .part L_0000022fd4eefcb0, 1, 1;
L_0000022fd4ef6150 .part L_0000022fd4ef66f0, 31, 1;
L_0000022fd4ef6a10 .concat [ 1 1 0 0], L_0000022fd4ef0880, L_0000022fd4ef0880;
L_0000022fd4ef5f70 .part L_0000022fd4ef66f0, 2, 30;
L_0000022fd4ef6010 .concat [ 30 2 0 0], L_0000022fd4ef5f70, L_0000022fd4ef6a10;
L_0000022fd4ef5110 .functor MUXZ 32, L_0000022fd4ef66f0, L_0000022fd4ef6010, L_0000022fd4ef5250, C4<>;
L_0000022fd4ef61f0 .part L_0000022fd4eefcb0, 0, 1;
L_0000022fd4ef6fb0 .part L_0000022fd4ef5110, 31, 1;
L_0000022fd4ef6290 .concat [ 1 0 0 0], L_0000022fd4ef0180;
L_0000022fd4ef6c90 .concat [ 1 0 0 0], L_0000022fd4ef6290;
L_0000022fd4ef5610 .part L_0000022fd4ef5110, 1, 31;
L_0000022fd4ef5390 .concat [ 31 1 0 0], L_0000022fd4ef5610, L_0000022fd4ef6c90;
L_0000022fd4ef68d0 .functor MUXZ 32, L_0000022fd4ef5110, L_0000022fd4ef5390, L_0000022fd4ef61f0, C4<>;
L_0000022fd4ef5bb0 .part L_0000022fd4ef68d0, 0, 1;
L_0000022fd4ef4d50 .part L_0000022fd4ef68d0, 1, 1;
L_0000022fd4ef6470 .part L_0000022fd4ef68d0, 2, 1;
L_0000022fd4ef63d0 .part L_0000022fd4ef68d0, 3, 1;
L_0000022fd4ef51b0 .part L_0000022fd4ef68d0, 4, 1;
L_0000022fd4ef56b0 .part L_0000022fd4ef68d0, 5, 1;
L_0000022fd4ef5750 .part L_0000022fd4ef68d0, 6, 1;
L_0000022fd4ef5890 .part L_0000022fd4ef68d0, 7, 1;
L_0000022fd4ef57f0 .part L_0000022fd4ef68d0, 8, 1;
L_0000022fd4ef5930 .part L_0000022fd4ef68d0, 9, 1;
L_0000022fd4ef6970 .part L_0000022fd4ef68d0, 10, 1;
L_0000022fd4ef5cf0 .part L_0000022fd4ef68d0, 11, 1;
L_0000022fd4ef59d0 .part L_0000022fd4ef68d0, 12, 1;
L_0000022fd4ef5a70 .part L_0000022fd4ef68d0, 13, 1;
L_0000022fd4ef6f10 .part L_0000022fd4ef68d0, 14, 1;
L_0000022fd4ef6d30 .part L_0000022fd4ef68d0, 15, 1;
L_0000022fd4ef5b10 .part L_0000022fd4ef68d0, 16, 1;
L_0000022fd4ef7050 .part L_0000022fd4ef68d0, 17, 1;
L_0000022fd4ef5d90 .part L_0000022fd4ef68d0, 18, 1;
L_0000022fd4ef6e70 .part L_0000022fd4ef68d0, 19, 1;
L_0000022fd4ef6330 .part L_0000022fd4ef68d0, 20, 1;
L_0000022fd4ef4990 .part L_0000022fd4ef68d0, 21, 1;
L_0000022fd4ef4ad0 .part L_0000022fd4ef68d0, 22, 1;
L_0000022fd4ef4b70 .part L_0000022fd4ef68d0, 23, 1;
L_0000022fd4ef4c10 .part L_0000022fd4ef68d0, 24, 1;
L_0000022fd4ef4cb0 .part L_0000022fd4ef68d0, 25, 1;
L_0000022fd4ef4df0 .part L_0000022fd4ef68d0, 26, 1;
L_0000022fd4ef4e90 .part L_0000022fd4ef68d0, 27, 1;
L_0000022fd4ef88b0 .part L_0000022fd4ef68d0, 28, 1;
L_0000022fd4ef9210 .part L_0000022fd4ef68d0, 29, 1;
L_0000022fd4ef89f0 .part L_0000022fd4ef68d0, 30, 1;
L_0000022fd4ef79b0 .part L_0000022fd4ef68d0, 31, 1;
LS_0000022fd4ef7730_0_0 .concat [ 1 1 1 1], L_0000022fd4ef79b0, L_0000022fd4ef89f0, L_0000022fd4ef9210, L_0000022fd4ef88b0;
LS_0000022fd4ef7730_0_4 .concat [ 1 1 1 1], L_0000022fd4ef4e90, L_0000022fd4ef4df0, L_0000022fd4ef4cb0, L_0000022fd4ef4c10;
LS_0000022fd4ef7730_0_8 .concat [ 1 1 1 1], L_0000022fd4ef4b70, L_0000022fd4ef4ad0, L_0000022fd4ef4990, L_0000022fd4ef6330;
LS_0000022fd4ef7730_0_12 .concat [ 1 1 1 1], L_0000022fd4ef6e70, L_0000022fd4ef5d90, L_0000022fd4ef7050, L_0000022fd4ef5b10;
LS_0000022fd4ef7730_0_16 .concat [ 1 1 1 1], L_0000022fd4ef6d30, L_0000022fd4ef6f10, L_0000022fd4ef5a70, L_0000022fd4ef59d0;
LS_0000022fd4ef7730_0_20 .concat [ 1 1 1 1], L_0000022fd4ef5cf0, L_0000022fd4ef6970, L_0000022fd4ef5930, L_0000022fd4ef57f0;
LS_0000022fd4ef7730_0_24 .concat [ 1 1 1 1], L_0000022fd4ef5890, L_0000022fd4ef5750, L_0000022fd4ef56b0, L_0000022fd4ef51b0;
LS_0000022fd4ef7730_0_28 .concat [ 1 1 1 1], L_0000022fd4ef63d0, L_0000022fd4ef6470, L_0000022fd4ef4d50, L_0000022fd4ef5bb0;
LS_0000022fd4ef7730_1_0 .concat [ 4 4 4 4], LS_0000022fd4ef7730_0_0, LS_0000022fd4ef7730_0_4, LS_0000022fd4ef7730_0_8, LS_0000022fd4ef7730_0_12;
LS_0000022fd4ef7730_1_4 .concat [ 4 4 4 4], LS_0000022fd4ef7730_0_16, LS_0000022fd4ef7730_0_20, LS_0000022fd4ef7730_0_24, LS_0000022fd4ef7730_0_28;
L_0000022fd4ef7730 .concat [ 16 16 0 0], LS_0000022fd4ef7730_1_0, LS_0000022fd4ef7730_1_4;
L_0000022fd4ef8950 .functor MUXZ 32, L_0000022fd4ef68d0, L_0000022fd4ef7730, L_0000022fd4ef00a0, C4<>;
L_0000022fd4ef7ff0 .concat [ 3 29 0 0], L_0000022fd4e8eba0, L_0000022fd4e94708;
L_0000022fd4ef8b30 .cmp/eq 32, L_0000022fd4ef7ff0, L_0000022fd4e94750;
L_0000022fd4ef8c70 .part L_0000022fd4ef38b0, 0, 32;
L_0000022fd4ef8db0 .functor MUXZ 32, L_0000022fd4e94798, L_0000022fd4ef8c70, L_0000022fd4ef0ab0, C4<>;
L_0000022fd4ef7690 .concat [ 3 29 0 0], L_0000022fd4e8eba0, L_0000022fd4e947e0;
L_0000022fd4ef8590 .cmp/eq 32, L_0000022fd4ef7690, L_0000022fd4e94828;
L_0000022fd4ef83b0 .concat [ 1 31 0 0], L_0000022fd4ef2c30, L_0000022fd4e94870;
L_0000022fd4ef7eb0 .functor MUXZ 32, L_0000022fd4e948b8, L_0000022fd4ef83b0, L_0000022fd4ef06c0, C4<>;
L_0000022fd4ef8a90 .concat [ 3 29 0 0], L_0000022fd4e8eba0, L_0000022fd4e94900;
L_0000022fd4ef7a50 .cmp/eq 32, L_0000022fd4ef8a90, L_0000022fd4e94948;
L_0000022fd4ef8310 .concat [ 1 31 0 0], L_0000022fd4ef2e10, L_0000022fd4e94990;
L_0000022fd4ef7f50 .functor MUXZ 32, L_0000022fd4e949d8, L_0000022fd4ef8310, L_0000022fd4eefee0, C4<>;
L_0000022fd4ef9350 .concat [ 3 29 0 0], L_0000022fd4e8eba0, L_0000022fd4e94a20;
L_0000022fd4ef84f0 .cmp/eq 32, L_0000022fd4ef9350, L_0000022fd4e94a68;
L_0000022fd4ef86d0 .functor MUXZ 32, L_0000022fd4e94ab0, L_0000022fd4ef0730, L_0000022fd4ef03b0, C4<>;
L_0000022fd4ef8d10 .concat [ 3 29 0 0], L_0000022fd4e8eba0, L_0000022fd4e94af8;
L_0000022fd4ef8130 .cmp/eq 32, L_0000022fd4ef8d10, L_0000022fd4e94b40;
L_0000022fd4ef8630 .functor MUXZ 32, L_0000022fd4e94b88, L_0000022fd4ef0500, L_0000022fd4ef0420, C4<>;
L_0000022fd4ef7c30 .concat [ 3 29 0 0], L_0000022fd4e8eba0, L_0000022fd4e94bd0;
L_0000022fd4ef7410 .cmp/eq 32, L_0000022fd4ef7c30, L_0000022fd4e94c18;
L_0000022fd4ef8e50 .functor MUXZ 32, L_0000022fd4e94c60, L_0000022fd4ef0960, L_0000022fd4ef0810, C4<>;
L_0000022fd4ef7e10 .concat [ 3 29 0 0], L_0000022fd4e8eba0, L_0000022fd4e94ca8;
L_0000022fd4ef93f0 .cmp/eq 32, L_0000022fd4ef7e10, L_0000022fd4e94cf0;
L_0000022fd4ef8bd0 .concat [ 3 29 0 0], L_0000022fd4e8eba0, L_0000022fd4e94d38;
L_0000022fd4ef77d0 .cmp/eq 32, L_0000022fd4ef8bd0, L_0000022fd4e94d80;
L_0000022fd4ef8450 .functor MUXZ 32, L_0000022fd4e94dc8, L_0000022fd4ef8950, L_0000022fd4ef09d0, C4<>;
LS_0000022fd4ef8810_0_0 .concat [ 1 1 2 1], L_0000022fd4ef3a90, L_0000022fd4ef1290, L_0000022fd4e94e10, L_0000022fd4ef2c30;
LS_0000022fd4ef8810_0_4 .concat [ 1 1 1 0], L_0000022fd4ef0b20, L_0000022fd4ef2e10, L_0000022fd4ef0a40;
L_0000022fd4ef8810 .concat [ 5 3 0 0], LS_0000022fd4ef8810_0_0, LS_0000022fd4ef8810_0_4;
L_0000022fd4ef7d70 .part/v L_0000022fd4ef8810, L_0000022fd4e8eba0, 1;
L_0000022fd4ef7870 .part L_0000022fd4e8eba0, 0, 2;
L_0000022fd4ef7910 .cmp/eq 2, L_0000022fd4ef7870, L_0000022fd4e94e58;
L_0000022fd4ef74b0 .part L_0000022fd4e8eba0, 0, 2;
L_0000022fd4ef9490 .cmp/eq 2, L_0000022fd4ef74b0, L_0000022fd4e94ea0;
L_0000022fd4ef8090 .functor MUXZ 32, L_0000022fd4e8f320, L_0000022fd4e8e2e0, L_0000022fd4e09c90, C4<>;
L_0000022fd4ef7550 .arith/sum 32, L_0000022fd4e8e560, L_0000022fd4ef8090;
L_0000022fd4ef92b0 .part L_0000022fd4ef7550, 2, 30;
L_0000022fd4ef7af0 .functor MUXZ 30, L_0000022fd4f08520, L_0000022fd4ef92b0, L_0000022fd4eefbd0, C4<>;
L_0000022fd4ef8ef0 .part L_0000022fd4e8eba0, 2, 1;
L_0000022fd4ef7190 .reduce/nor L_0000022fd4ef8ef0;
L_0000022fd4ef81d0 .part L_0000022fd4ef9710, 7, 1;
L_0000022fd4ef95d0 .part L_0000022fd4ef7cd0, 15, 1;
L_0000022fd4ef8f90 .functor MUXZ 1, L_0000022fd4ef95d0, L_0000022fd4ef81d0, L_0000022fd4ef7910, C4<>;
LS_0000022fd4ef7230_0_0 .concat [ 1 1 1 1], L_0000022fd4eef9a0, L_0000022fd4eef9a0, L_0000022fd4eef9a0, L_0000022fd4eef9a0;
LS_0000022fd4ef7230_0_4 .concat [ 1 1 1 1], L_0000022fd4eef9a0, L_0000022fd4eef9a0, L_0000022fd4eef9a0, L_0000022fd4eef9a0;
LS_0000022fd4ef7230_0_8 .concat [ 1 1 1 1], L_0000022fd4eef9a0, L_0000022fd4eef9a0, L_0000022fd4eef9a0, L_0000022fd4eef9a0;
LS_0000022fd4ef7230_0_12 .concat [ 1 1 1 1], L_0000022fd4eef9a0, L_0000022fd4eef9a0, L_0000022fd4eef9a0, L_0000022fd4eef9a0;
LS_0000022fd4ef7230_0_16 .concat [ 1 1 1 1], L_0000022fd4eef9a0, L_0000022fd4eef9a0, L_0000022fd4eef9a0, L_0000022fd4eef9a0;
LS_0000022fd4ef7230_0_20 .concat [ 1 1 1 1], L_0000022fd4eef9a0, L_0000022fd4eef9a0, L_0000022fd4eef9a0, L_0000022fd4eef9a0;
LS_0000022fd4ef7230_1_0 .concat [ 4 4 4 4], LS_0000022fd4ef7230_0_0, LS_0000022fd4ef7230_0_4, LS_0000022fd4ef7230_0_8, LS_0000022fd4ef7230_0_12;
LS_0000022fd4ef7230_1_4 .concat [ 4 4 0 0], LS_0000022fd4ef7230_0_16, LS_0000022fd4ef7230_0_20;
L_0000022fd4ef7230 .concat [ 16 8 0 0], LS_0000022fd4ef7230_1_0, LS_0000022fd4ef7230_1_4;
L_0000022fd4ef9030 .concat [ 8 24 0 0], L_0000022fd4ef9710, L_0000022fd4ef7230;
LS_0000022fd4ef72d0_0_0 .concat [ 1 1 1 1], L_0000022fd4eef9a0, L_0000022fd4eef9a0, L_0000022fd4eef9a0, L_0000022fd4eef9a0;
LS_0000022fd4ef72d0_0_4 .concat [ 1 1 1 1], L_0000022fd4eef9a0, L_0000022fd4eef9a0, L_0000022fd4eef9a0, L_0000022fd4eef9a0;
LS_0000022fd4ef72d0_0_8 .concat [ 1 1 1 1], L_0000022fd4eef9a0, L_0000022fd4eef9a0, L_0000022fd4eef9a0, L_0000022fd4eef9a0;
LS_0000022fd4ef72d0_0_12 .concat [ 1 1 1 1], L_0000022fd4eef9a0, L_0000022fd4eef9a0, L_0000022fd4eef9a0, L_0000022fd4eef9a0;
L_0000022fd4ef72d0 .concat [ 4 4 4 4], LS_0000022fd4ef72d0_0_0, LS_0000022fd4ef72d0_0_4, LS_0000022fd4ef72d0_0_8, LS_0000022fd4ef72d0_0_12;
L_0000022fd4ef97b0 .concat [ 16 16 0 0], L_0000022fd4ef7cd0, L_0000022fd4ef72d0;
L_0000022fd4ef7b90 .functor MUXZ 32, o0000022fd4e20858, L_0000022fd4ef97b0, L_0000022fd4ef9490, C4<>;
L_0000022fd4ef8270 .functor MUXZ 32, L_0000022fd4ef7b90, L_0000022fd4ef9030, L_0000022fd4ef7910, C4<>;
L_0000022fd4ef9530 .part L_0000022fd4ef38b0, 1, 1;
L_0000022fd4ef8770 .part o0000022fd4e20858, 16, 16;
L_0000022fd4ef90d0 .part o0000022fd4e20858, 0, 16;
L_0000022fd4ef7cd0 .functor MUXZ 16, L_0000022fd4ef90d0, L_0000022fd4ef8770, L_0000022fd4ef9530, C4<>;
L_0000022fd4ef9170 .part L_0000022fd4ef38b0, 0, 1;
L_0000022fd4ef75f0 .part L_0000022fd4ef7cd0, 8, 8;
L_0000022fd4ef9670 .part L_0000022fd4ef7cd0, 0, 8;
L_0000022fd4ef9710 .functor MUXZ 8, L_0000022fd4ef9670, L_0000022fd4ef75f0, L_0000022fd4ef9170, C4<>;
L_0000022fd4ef9850 .part L_0000022fd4e8eec0, 0, 8;
L_0000022fd4ef70f0 .part L_0000022fd4ef38b0, 0, 1;
L_0000022fd4ef7370 .part L_0000022fd4e8eec0, 0, 8;
L_0000022fd4ef9fd0 .part L_0000022fd4e8eec0, 8, 8;
L_0000022fd4ef9a30 .functor MUXZ 8, L_0000022fd4ef9fd0, L_0000022fd4ef7370, L_0000022fd4ef70f0, C4<>;
L_0000022fd4ef9b70 .part L_0000022fd4ef38b0, 1, 1;
L_0000022fd4ef9c10 .part L_0000022fd4e8eec0, 0, 8;
L_0000022fd4ef9990 .part L_0000022fd4e8eec0, 16, 8;
L_0000022fd4ef9ad0 .functor MUXZ 8, L_0000022fd4ef9990, L_0000022fd4ef9c10, L_0000022fd4ef9b70, C4<>;
L_0000022fd4ef9cb0 .concat8 [ 8 8 8 8], L_0000022fd4ef9850, L_0000022fd4ef9a30, L_0000022fd4ef9ad0, L_0000022fd4f06cc0;
L_0000022fd4ef9f30 .part L_0000022fd4ef38b0, 0, 1;
L_0000022fd4ef9d50 .part L_0000022fd4e8eec0, 0, 8;
L_0000022fd4ef9df0 .part L_0000022fd4ef38b0, 1, 1;
L_0000022fd4ef9e90 .part L_0000022fd4e8eec0, 8, 8;
L_0000022fd4ef98f0 .part L_0000022fd4e8eec0, 24, 8;
L_0000022fd4f088e0 .functor MUXZ 8, L_0000022fd4ef98f0, L_0000022fd4ef9e90, L_0000022fd4ef9df0, C4<>;
L_0000022fd4f06cc0 .functor MUXZ 8, L_0000022fd4f088e0, L_0000022fd4ef9d50, L_0000022fd4ef9f30, C4<>;
L_0000022fd4f06900 .part L_0000022fd4ef38b0, 1, 1;
L_0000022fd4f069a0 .part L_0000022fd4ef38b0, 0, 1;
L_0000022fd4f06360 .functor MUXZ 4, L_0000022fd4e94f30, L_0000022fd4e94ee8, L_0000022fd4f069a0, C4<>;
L_0000022fd4f06d60 .part L_0000022fd4ef38b0, 0, 1;
L_0000022fd4f07ee0 .functor MUXZ 4, L_0000022fd4e94fc0, L_0000022fd4e94f78, L_0000022fd4f06d60, C4<>;
L_0000022fd4f071c0 .functor MUXZ 4, L_0000022fd4f07ee0, L_0000022fd4f06360, L_0000022fd4f06900, C4<>;
L_0000022fd4f08980 .part L_0000022fd4ef38b0, 1, 1;
L_0000022fd4f07f80 .functor MUXZ 4, L_0000022fd4e95050, L_0000022fd4e95008, L_0000022fd4f08980, C4<>;
L_0000022fd4f07e40 .functor MUXZ 4, L_0000022fd4e95098, L_0000022fd4f07f80, L_0000022fd4ef9490, C4<>;
L_0000022fd4f083e0 .functor MUXZ 4, L_0000022fd4f07e40, L_0000022fd4f071c0, L_0000022fd4ef7910, C4<>;
L_0000022fd4f08480 .functor MUXZ 4, L_0000022fd4e950e0, L_0000022fd4f083e0, L_0000022fd4e0a240, C4<>;
L_0000022fd4f08200 .functor MUXZ 32, L_0000022fd4e95128, L_0000022fd4eefb60, L_0000022fd4eefd20, C4<>;
L_0000022fd4f067c0 .functor MUXZ 32, L_0000022fd4e95170, L_0000022fd4ef8270, L_0000022fd4e09c90, C4<>;
L_0000022fd4f065e0 .concat [ 2 30 0 0], L_0000022fd4e951b8, L_0000022fd4f08520;
L_0000022fd4f06400 .functor MUXZ 32, L_0000022fd4e95200, L_0000022fd4f065e0, L_0000022fd4ef13e0, C4<>;
L_0000022fd4f07800 .concat [ 2 30 0 0], L_0000022fd4e95248, v0000022fd4e6d570_0;
L_0000022fd4f08a20 .functor MUXZ 32, L_0000022fd4e95290, L_0000022fd4f07800, L_0000022fd4e7b390, C4<>;
L_0000022fd4f08520 .functor MUXZ 30, v0000022fd4e6d570_0, v0000022fd4e6d890_0, v0000022fd4e8bc20_0, C4<>;
L_0000022fd4f07760 .part L_0000022fd4e8f6e0, 2, 30;
L_0000022fd4f06e00 .functor MUXZ 30, L_0000022fd4e952d8, L_0000022fd4f07760, L_0000022fd4eef930, C4<>;
L_0000022fd4f06fe0 .part L_0000022fd4ef3630, 2, 30;
L_0000022fd4f062c0 .functor MUXZ 30, L_0000022fd4e95320, L_0000022fd4f06fe0, L_0000022fd4e09de0, C4<>;
L_0000022fd4f06ea0 .functor MUXZ 30, L_0000022fd4e953b0, L_0000022fd4e95368, L_0000022fd4eefc40, C4<>;
L_0000022fd4f07a80 .arith/sum 30, L_0000022fd4f08520, L_0000022fd4f06ea0;
L_0000022fd4f085c0 .arith/sum 30, v0000022fd4e6d930_0, L_0000022fd4ef0b90;
L_0000022fd4f074e0 .part L_0000022fd4ef38b0, 2, 30;
L_0000022fd4f07940 .functor MUXZ 30, L_0000022fd4f07a80, L_0000022fd4f085c0, L_0000022fd4e7b630, C4<>;
L_0000022fd4f064a0 .functor MUXZ 30, L_0000022fd4f07940, L_0000022fd4f074e0, L_0000022fd4e7ac20, C4<>;
    .scope S_0000022fd4d124d0;
T_0 ;
    %pushi/vec4 0, 0, 1;
    %store/vec4 v0000022fd4e8c760_0, 0, 1;
    %pushi/vec4 0, 0, 1;
    %store/vec4 v0000022fd4e8a1e0_0, 0, 1;
    %pushi/vec4 0, 0, 1;
    %store/vec4 v0000022fd4e8bc20_0, 0, 1;
    %pushi/vec4 0, 0, 1;
    %store/vec4 v0000022fd4e8a8c0_0, 0, 1;
    %pushi/vec4 0, 0, 1;
    %store/vec4 v0000022fd4e8b040_0, 0, 1;
    %end;
    .thread T_0;
    .scope S_0000022fd4d124d0;
T_1 ;
    %pushi/vec4 1, 0, 32;
    %store/vec4 v0000022fd4e8bcc0_0, 0, 32;
T_1.0 ;
    %load/vec4 v0000022fd4e8bcc0_0;
    %pad/s 37;
    %cmpi/s 15, 0, 37;
    %flag_or 5, 4;
    %jmp/0xz T_1.1, 5;
    %pushi/vec4 0, 0, 32;
    %load/vec4 v0000022fd4e8bcc0_0;
    %subi 1, 0, 32;
    %ix/vec4/s 4;
    %store/vec4a v0000022fd4e8a280, 4, 0;
    %load/vec4 v0000022fd4e8bcc0_0;
    %addi 1, 0, 32;
    %store/vec4 v0000022fd4e8bcc0_0, 0, 32;
    %jmp T_1.0;
T_1.1 ;
    %end;
    .thread T_1;
    .scope S_0000022fd4d124d0;
T_2 ;
    %wait E_0000022fd4ddccf0;
    %load/vec4 v0000022fd4e8aa00_0;
    %parti/s 4, 0, 2;
    %pad/u 32;
    %pushi/vec4 0, 0, 32;
    %cmp/ne;
    %flag_get/vec4 4;
    %load/vec4 v0000022fd4e8c1c0_0;
    %and;
    %load/vec4 v0000022fd4e8b360_0;
    %and;
    %flag_set/vec4 8;
    %jmp/0xz  T_2.0, 8;
    %load/vec4 v0000022fd4e8b2c0_0;
    %load/vec4 v0000022fd4e8aa00_0;
    %parti/s 4, 0, 2;
    %pad/u 6;
    %subi 1, 0, 6;
    %ix/vec4 3;
    %ix/load 4, 0, 0; Constant delay
    %assign/vec4/a/d v0000022fd4e8a280, 0, 4;
T_2.0 ;
    %jmp T_2;
    .thread T_2;
    .scope S_0000022fd4d124d0;
T_3 ;
    %wait E_0000022fd4ddd530;
    %load/vec4 v0000022fd4e8af00_0;
    %flag_set/vec4 8;
    %jmp/0xz  T_3.0, 8;
    %pushi/vec4 0, 0, 1;
    %assign/vec4 v0000022fd4e8c760_0, 0;
    %jmp T_3.1;
T_3.0 ;
    %load/vec4 v0000022fd4e8b360_0;
    %flag_set/vec4 8;
    %jmp/0xz  T_3.2, 8;
    %load/vec4 v0000022fd4e8a780_0;
    %load/vec4 v0000022fd4e8c6c0_0;
    %or;
    %load/vec4 v0000022fd4e8ae60_0;
    %or;
    %load/vec4 v0000022fd4e8bae0_0;
    %or;
    %load/vec4 v0000022fd4e8ad20_0;
    %or;
    %inv;
    %assign/vec4 v0000022fd4e8c760_0, 0;
T_3.2 ;
T_3.1 ;
    %jmp T_3;
    .thread T_3;
    .scope S_0000022fd4d124d0;
T_4 ;
    %wait E_0000022fd4ddccf0;
    %load/vec4 v0000022fd4e8b360_0;
    %flag_set/vec4 8;
    %jmp/0xz  T_4.0, 8;
    %load/vec4 v0000022fd4e8c120_0;
    %assign/vec4 v0000022fd4e0def0_0, 0;
T_4.0 ;
    %jmp T_4;
    .thread T_4;
    .scope S_0000022fd4d124d0;
T_5 ;
    %wait E_0000022fd4ddd530;
    %load/vec4 v0000022fd4e8af00_0;
    %flag_set/vec4 8;
    %jmp/0xz  T_5.0, 8;
    %pushi/vec4 0, 0, 30;
    %assign/vec4 v0000022fd4e6d570_0, 0;
    %jmp T_5.1;
T_5.0 ;
    %load/vec4 v0000022fd4e8b360_0;
    %flag_set/vec4 8;
    %jmp/0xz  T_5.2, 8;
    %load/vec4 v0000022fd4e8bc20_0;
    %nor/r;
    %flag_set/vec4 8;
    %jmp/0xz  T_5.4, 8;
    %load/vec4 v0000022fd4e6f190_0;
    %assign/vec4 v0000022fd4e6d570_0, 0;
    %jmp T_5.5;
T_5.4 ;
    %load/vec4 v0000022fd4e8c440_0;
    %flag_set/vec4 8;
    %jmp/0xz  T_5.6, 8;
    %load/vec4 v0000022fd4e8a460_0;
    %parti/s 30, 2, 3;
    %assign/vec4 v0000022fd4e6d570_0, 0;
T_5.6 ;
T_5.5 ;
    %load/vec4 v0000022fd4e8bc20_0;
    %load/vec4 v0000022fd4e8ad20_0;
    %inv;
    %and;
    %flag_set/vec4 8;
    %jmp/0 T_5.8, 8;
    %load/vec4 v0000022fd4e6f190_0;
    %jmp/1 T_5.9, 8;
T_5.8 ; End of true expr.
    %load/vec4 v0000022fd4e8bfe0_0;
    %jmp/0 T_5.9, 8;
 ; End of false expr.
    %blend;
T_5.9;
    %assign/vec4 v0000022fd4e6d890_0, 0;
T_5.2 ;
T_5.1 ;
    %jmp T_5;
    .thread T_5;
    .scope S_0000022fd4d124d0;
T_6 ;
    %wait E_0000022fd4ddccf0;
    %load/vec4 v0000022fd4e8b360_0;
    %flag_set/vec4 8;
    %jmp/0xz  T_6.0, 8;
    %load/vec4 v0000022fd4e6d2f0_0;
    %assign/vec4 v0000022fd4e6d930_0, 0;
T_6.0 ;
    %jmp T_6;
    .thread T_6;
    .scope S_0000022fd4d124d0;
T_7 ;
    %wait E_0000022fd4ddd530;
    %load/vec4 v0000022fd4e8af00_0;
    %flag_set/vec4 8;
    %jmp/0xz  T_7.0, 8;
    %pushi/vec4 0, 0, 1;
    %assign/vec4 v0000022fd4e8a1e0_0, 0;
    %pushi/vec4 0, 0, 1;
    %assign/vec4 v0000022fd4e8bc20_0, 0;
    %jmp T_7.1;
T_7.0 ;
    %load/vec4 v0000022fd4e8b360_0;
    %flag_set/vec4 8;
    %jmp/0xz  T_7.2, 8;
    %load/vec4 v0000022fd4e8c4e0_0;
    %inv;
    %load/vec4 v0000022fd4e8a1e0_0;
    %load/vec4 v0000022fd4e8ab40_0;
    %or;
    %and;
    %assign/vec4 v0000022fd4e8a1e0_0, 0;
    %load/vec4 v0000022fd4e8c4e0_0;
    %inv;
    %load/vec4 v0000022fd4e8a1e0_0;
    %load/vec4 v0000022fd4e8bc20_0;
    %or;
    %load/vec4 v0000022fd4e8b720_0;
    %or;
    %and;
    %assign/vec4 v0000022fd4e8bc20_0, 0;
T_7.2 ;
T_7.1 ;
    %jmp T_7;
    .thread T_7;
    .scope S_0000022fd4d124d0;
T_8 ;
    %wait E_0000022fd4ddccf0;
    %load/vec4 v0000022fd4e8b360_0;
    %flag_set/vec4 8;
    %jmp/0xz  T_8.0, 8;
    %load/vec4 v0000022fd4e897e0_0;
    %assign/vec4 v0000022fd4e8a8c0_0, 0;
T_8.0 ;
    %jmp T_8;
    .thread T_8;
    .scope S_0000022fd4d124d0;
T_9 ;
    %wait E_0000022fd4ddccf0;
    %load/vec4 v0000022fd4e8b360_0;
    %flag_set/vec4 8;
    %jmp/0xz  T_9.0, 8;
    %load/vec4 v0000022fd4e8bc20_0;
    %assign/vec4 v0000022fd4e8b040_0, 0;
T_9.0 ;
    %jmp T_9;
    .thread T_9;
# The file index is used to find the file name in the following table.
:file_names 3;
    "N/A";
    "<interactive>";
    "laRVa2.v";
